This is pdfTeX, Version 3.141592653-2.6-1.40.24 (MiKTeX 21.12.10) (preloaded format=pdflatex 2021.12.27)  29 APR 2022 13:44
entering extended mode
 restricted \write18 enabled.
 %&-line parsing enabled.
**./proj3.tex
(proj3.tex
LaTeX2e <2021-11-15> patch level 1
L3 programming layer <2021-11-22>
(C:\Users\vipda\Desktop\SomeFiles\proTex\installedTEX\tex/latex/base\article.cl
s
Document Class: article 2021/10/04 v1.4n Standard LaTeX document class

(C:\Users\vipda\Desktop\SomeFiles\proTex\installedTEX\tex/latex/base\size11.clo
File: size11.clo 2021/10/04 v1.4n Standard LaTeX file (size option)
)
\c@part=\count183
\c@section=\count184
\c@subsection=\count185
\c@subsubsection=\count186
\c@paragraph=\count187
\c@subparagraph=\count188
\c@figure=\count189
\c@table=\count190
\abovecaptionskip=\skip47
\belowcaptionskip=\skip48
\bibindent=\dimen138
)
(C:\Users\vipda\Desktop\SomeFiles\proTex\installedTEX\tex/generic/babel\babel.s
ty
Package: babel 2021/11/29 3.67 The Babel package
\babel@savecnt=\count191
\U@D=\dimen139
\l@unhyphenated=\language83

(C:\Users\vipda\Desktop\SomeFiles\proTex\installedTEX\tex/generic/babel\txtbabe
l.def)
\bbl@readstream=\read2
\bbl@dirlevel=\count192

*************************************
* Local config file bblopts.cfg used
*

(C:\Users\vipda\Desktop\SomeFiles\proTex\installedTEX\tex/latex/arabi\bblopts.c
fg
File: bblopts.cfg 2005/09/08 v0.1 add Arabic and Farsi to "declared" options of
 babel
)
(C:\Users\vipda\Desktop\SomeFiles\proTex\installedTEX\tex/latex/babel-czech\cze
ch.ldf
Language: czech 2008/07/06 v3.1a Czech support from the babel system
Package babel Info: Making " an active character on input line 172.
\cs@wordlen=\count193
Package babel Info: Making - an active character on input line 226.
))
(C:\Users\vipda\Desktop\SomeFiles\proTex\installedTEX\tex/latex/geometry\geomet
ry.sty
Package: geometry 2020/01/02 v5.9 Page Geometry

(C:\Users\vipda\Desktop\SomeFiles\proTex\installedTEX\tex/latex/graphics\keyval
.sty
Package: keyval 2014/10/28 v1.15 key=value parser (DPC)
\KV@toks@=\toks16
)
(C:\Users\vipda\Desktop\SomeFiles\proTex\installedTEX\tex/generic/iftex\ifvtex.
sty
Package: ifvtex 2019/10/25 v1.7 ifvtex legacy package. Use iftex instead.

(C:\Users\vipda\Desktop\SomeFiles\proTex\installedTEX\tex/generic/iftex\iftex.s
ty
Package: iftex 2020/03/06 v1.0d TeX engine tests
))
\Gm@cnth=\count194
\Gm@cntv=\count195
\c@Gm@tempcnt=\count196
\Gm@bindingoffset=\dimen140
\Gm@wd@mp=\dimen141
\Gm@odd@mp=\dimen142
\Gm@even@mp=\dimen143
\Gm@layoutwidth=\dimen144
\Gm@layoutheight=\dimen145
\Gm@layouthoffset=\dimen146
\Gm@layoutvoffset=\dimen147
\Gm@dimlist=\toks17

(C:\Users\vipda\Desktop\SomeFiles\proTex\installedTEX\tex/latex/geometry\geomet
ry.cfg))
(C:\Users\vipda\Desktop\SomeFiles\proTex\installedTEX\tex/latex/base\fontenc.st
y
Package: fontenc 2021/04/29 v2.0v Standard LaTeX package

(C:\Users\vipda\Desktop\SomeFiles\proTex\installedTEX\tex/cslatex/base\il2enc.d
ef
File: il2enc.def 1997/08/20 CSLaTeX
Now handling font encoding IL2 ...
... no UTF-8 mapping file for font encoding IL2
)
LaTeX Font Info:    Trying to load font information for IL2+cmr on input line 1
12.

(C:\Users\vipda\Desktop\SomeFiles\proTex\installedTEX\tex/cslatex/base\il2cmr.f
d
File: il2cmr.fd 1997/02/06 CSLaTeX font definitions
))
(C:\Users\vipda\Desktop\SomeFiles\proTex\installedTEX\tex/latex/base\inputenc.s
ty
Package: inputenc 2021/02/14 v1.3d Input encoding file
\inpenc@prehook=\toks18
\inpenc@posthook=\toks19

(C:\Users\vipda\Desktop\SomeFiles\proTex\installedTEX\tex/latex/ucs\utf8x.def
File: utf8x.def 2004/10/17 UCS: Input encoding UTF-8
)) (C:\Users\vipda\Desktop\SomeFiles\proTex\installedTEX\tex/latex/ucs\ucs.sty
Package: ucs 2013/05/11 v2.2 UCS: Unicode input support

(C:\Users\vipda\Desktop\SomeFiles\proTex\installedTEX\tex/latex/ucs\uni-global.
def
File: uni-global.def 2013/05/13 UCS: Unicode global data
)
\uc@secondtry=\count197
\uc@combtoks=\toks20
\uc@combtoksb=\toks21
\uc@temptokena=\toks22
)
(C:\Users\vipda\Desktop\SomeFiles\proTex\installedTEX\tex/latex/psnfss\times.st
y
Package: times 2020/03/25 PSNFSS-v9.3 (SPQR) 
)
(C:\Users\vipda\Desktop\SomeFiles\proTex\installedTEX\tex/latex/amsmath\amsmath
.sty
Package: amsmath 2021/10/15 v2.17l AMS math features
\@mathmargin=\skip49

For additional information on amsmath, use the `?' option.

(C:\Users\vipda\Desktop\SomeFiles\proTex\installedTEX\tex/latex/amsmath\amstext
.sty
Package: amstext 2021/08/26 v2.01 AMS text

(C:\Users\vipda\Desktop\SomeFiles\proTex\installedTEX\tex/latex/amsmath\amsgen.
sty
File: amsgen.sty 1999/11/30 v2.0 generic functions
\@emptytoks=\toks23
\ex@=\dimen148
))
(C:\Users\vipda\Desktop\SomeFiles\proTex\installedTEX\tex/latex/amsmath\amsbsy.
sty
Package: amsbsy 1999/11/29 v1.2d Bold Symbols
\pmbraise@=\dimen149
)
(C:\Users\vipda\Desktop\SomeFiles\proTex\installedTEX\tex/latex/amsmath\amsopn.
sty
Package: amsopn 2021/08/26 v2.02 operator names
)
\inf@bad=\count198
LaTeX Info: Redefining \frac on input line 234.
\uproot@=\count199
\leftroot@=\count266
LaTeX Info: Redefining \overline on input line 399.
\classnum@=\count267
\DOTSCASE@=\count268
LaTeX Info: Redefining \ldots on input line 496.
LaTeX Info: Redefining \dots on input line 499.
LaTeX Info: Redefining \cdots on input line 620.
\Mathstrutbox@=\box50
\strutbox@=\box51
\big@size=\dimen150
LaTeX Font Info:    Redeclaring font encoding OML on input line 743.
LaTeX Font Info:    Redeclaring font encoding OMS on input line 744.
\macc@depth=\count269
\c@MaxMatrixCols=\count270
\dotsspace@=\muskip16
\c@parentequation=\count271
\dspbrk@lvl=\count272
\tag@help=\toks24
\row@=\count273
\column@=\count274
\maxfields@=\count275
\andhelp@=\toks25
\eqnshift@=\dimen151
\alignsep@=\dimen152
\tagshift@=\dimen153
\tagwidth@=\dimen154
\totwidth@=\dimen155
\lineht@=\dimen156
\@envbody=\toks26
\multlinegap=\skip50
\multlinetaggap=\skip51
\mathdisplay@stack=\toks27
LaTeX Info: Redefining \[ on input line 2938.
LaTeX Info: Redefining \] on input line 2939.
)
(C:\Users\vipda\Desktop\SomeFiles\proTex\installedTEX\tex/latex/amscls\amsthm.s
ty
Package: amsthm 2020/05/29 v2.20.6
\thm@style=\toks28
\thm@bodyfont=\toks29
\thm@headfont=\toks30
\thm@notefont=\toks31
\thm@headpunct=\toks32
\thm@preskip=\skip52
\thm@postskip=\skip53
\thm@headsep=\skip54
\dth@everypar=\toks33
)
(C:\Users\vipda\Desktop\SomeFiles\proTex\installedTEX\tex/latex/amsfonts\amsfon
ts.sty
Package: amsfonts 2013/01/14 v3.01 Basic AMSFonts support
\symAMSa=\mathgroup4
\symAMSb=\mathgroup5
LaTeX Font Info:    Redeclaring math symbol \hbar on input line 98.
LaTeX Font Info:    Overwriting math alphabet `\mathfrak' in version `bold'
(Font)                  U/euf/m/n --> U/euf/b/n on input line 106.
)
(C:\Users\vipda\Desktop\SomeFiles\proTex\installedTEX\tex/latex/multirow\multir
ow.sty
Package: multirow 2021/03/15 v2.8 Span multiple rows of a table
\multirow@colwidth=\skip55
\multirow@cntb=\count276
\multirow@dima=\skip56
\bigstrutjot=\dimen157
)
(C:\Users\vipda\Desktop\SomeFiles\proTex\installedTEX\tex/latex/graphics\graphi
cx.sty
Package: graphicx 2021/09/16 v1.2d Enhanced LaTeX Graphics (DPC,SPQR)

(C:\Users\vipda\Desktop\SomeFiles\proTex\installedTEX\tex/latex/graphics\graphi
cs.sty
Package: graphics 2021/03/04 v1.4d Standard LaTeX Graphics (DPC,SPQR)

(C:\Users\vipda\Desktop\SomeFiles\proTex\installedTEX\tex/latex/graphics\trig.s
ty
Package: trig 2021/08/11 v1.11 sin cos tan (DPC)
)
(C:\Users\vipda\Desktop\SomeFiles\proTex\installedTEX\tex/latex/graphics-cfg\gr
aphics.cfg
File: graphics.cfg 2016/06/04 v1.11 sample graphics configuration
)
Package graphics Info: Driver file: pdftex.def on input line 107.

(C:\Users\vipda\Desktop\SomeFiles\proTex\installedTEX\tex/latex/graphics-def\pd
ftex.def
File: pdftex.def 2020/10/05 v1.2a Graphics/color driver for pdftex
))
\Gin@req@height=\dimen158
\Gin@req@width=\dimen159
) (algorithm2e.sty
Package: algorithm2e 2008/00/00 v3.10 algorithms environments
\c@AlgoLine=\count277

(C:\Users\vipda\Desktop\SomeFiles\proTex\installedTEX\tex/latex/base\ifthen.sty
Package: ifthen 2020/11/24 v1.1c Standard LaTeX ifthen package (DPC)
)
(C:\Users\vipda\Desktop\SomeFiles\proTex\installedTEX\tex/latex/tools\xspace.st
y
Package: xspace 2014/10/28 v1.13 Space after command names (DPC,MH)
)
(C:\Users\vipda\Desktop\SomeFiles\proTex\installedTEX\tex/latex/relsize\relsize
.sty
Package: relsize 2013/03/29 ver 4.1
)
********************************************************
Package `algorithm2e' Release 4.01 -- december 14 2009 --
- algorithm2e-announce@lirmm.fr mailing list for announcement about releases
- algorithm2e-discussion@lirmm.fr mailing list for discussion about package
subscribe by emailing sympa@lirmm.fr with 'subscribe <list> <firstname name>'
- Author: Christophe Fiorio (fiorio@lirmm.fr)
********************************************************
\skiptotal=\skip57
\skiplinenumber=\skip58
\skiprule=\skip59
\skiphlne=\skip60
\skiptext=\skip61
\skiplength=\skip62
\algomargin=\skip63
\skipalgocfslide=\skip64
\algowidth=\dimen160
\inoutsize=\dimen161
\inoutline=\dimen162
\interspacetitleruled=\dimen163
\interspacealgoruled=\dimen164
\interspacetitleboxruled=\dimen165
\algocf@inoutbox=\box52
\algocf@inputbox=\box53
\AlCapSkip=\skip65
\AlCapHSkip=\skip66
\algocf@nlbox=\box54
\algocf@hangingbox=\box55
\algocf@capbox=\box56
\algoheightruledefault=\skip67
\algoheightrule=\skip68
\algotitleheightruledefault=\skip69
\algotitleheightrule=\skip70
\c@algocfline=\count278
\c@algocfproc=\count279
\c@algocf=\count280
\algocf@algoframe=\box57
\algocf@algobox=\box58
)
(C:\Users\vipda\Desktop\SomeFiles\proTex\installedTEX\tex/latex/pdflscape\pdfls
cape.sty
Package: pdflscape 2019/12/05 v0.12 Display of landscape pages in PDF (HO)

(C:\Users\vipda\Desktop\SomeFiles\proTex\installedTEX\tex/latex/graphics\lscape
.sty
Package: lscape 2020/05/28 v3.02 Landscape Pages (DPC)
)
Package pdflscape Info: Auto-detected driver: pdftex on input line 81.
)
(C:\Users\vipda\Desktop\SomeFiles\proTex\installedTEX\tex/latex/hyperref\hyperr
ef.sty
Package: hyperref 2021-06-07 v7.00m Hypertext links for LaTeX

(C:\Users\vipda\Desktop\SomeFiles\proTex\installedTEX\tex/generic/ltxcmds\ltxcm
ds.sty
Package: ltxcmds 2020-05-10 v1.25 LaTeX kernel commands for general use (HO)
)
(C:\Users\vipda\Desktop\SomeFiles\proTex\installedTEX\tex/generic/pdftexcmds\pd
ftexcmds.sty
Package: pdftexcmds 2020-06-27 v0.33 Utility functions of pdfTeX for LuaTeX (HO
)

(C:\Users\vipda\Desktop\SomeFiles\proTex\installedTEX\tex/generic/infwarerr\inf
warerr.sty
Package: infwarerr 2019/12/03 v1.5 Providing info/warning/error messages (HO)
)
Package pdftexcmds Info: \pdf@primitive is available.
Package pdftexcmds Info: \pdf@ifprimitive is available.
Package pdftexcmds Info: \pdfdraftmode found.
)
(C:\Users\vipda\Desktop\SomeFiles\proTex\installedTEX\tex/generic/kvsetkeys\kvs
etkeys.sty
Package: kvsetkeys 2019/12/15 v1.18 Key value parser (HO)
)
(C:\Users\vipda\Desktop\SomeFiles\proTex\installedTEX\tex/generic/kvdefinekeys\
kvdefinekeys.sty
Package: kvdefinekeys 2019-12-19 v1.6 Define keys (HO)
)
(C:\Users\vipda\Desktop\SomeFiles\proTex\installedTEX\tex/generic/pdfescape\pdf
escape.sty
Package: pdfescape 2019/12/09 v1.15 Implements pdfTeX's escape features (HO)
)
(C:\Users\vipda\Desktop\SomeFiles\proTex\installedTEX\tex/latex/hycolor\hycolor
.sty
Package: hycolor 2020-01-27 v1.10 Color options for hyperref/bookmark (HO)
)
(C:\Users\vipda\Desktop\SomeFiles\proTex\installedTEX\tex/latex/letltxmacro\let
ltxmacro.sty
Package: letltxmacro 2019/12/03 v1.6 Let assignment for LaTeX macros (HO)
)
(C:\Users\vipda\Desktop\SomeFiles\proTex\installedTEX\tex/latex/auxhook\auxhook
.sty
Package: auxhook 2019-12-17 v1.6 Hooks for auxiliary files (HO)
)
(C:\Users\vipda\Desktop\SomeFiles\proTex\installedTEX\tex/latex/kvoptions\kvopt
ions.sty
Package: kvoptions 2020-10-07 v3.14 Key value format for package options (HO)
)
\@linkdim=\dimen166
\Hy@linkcounter=\count281
\Hy@pagecounter=\count282

(C:\Users\vipda\Desktop\SomeFiles\proTex\installedTEX\tex/latex/hyperref\pd1enc
.def
File: pd1enc.def 2021-06-07 v7.00m Hyperref: PDFDocEncoding definition (HO)
)
(C:\Users\vipda\Desktop\SomeFiles\proTex\installedTEX\tex/latex/hyperref\hyperr
ef-langpatches.def
File: hyperref-langpatches.def 2021-06-07 v7.00m Hyperref: patches for babel la
nguages
)
(C:\Users\vipda\Desktop\SomeFiles\proTex\installedTEX\tex/generic/intcalc\intca
lc.sty
Package: intcalc 2019/12/15 v1.3 Expandable calculations with integers (HO)
)
(C:\Users\vipda\Desktop\SomeFiles\proTex\installedTEX\tex/generic/etexcmds\etex
cmds.sty
Package: etexcmds 2019/12/15 v1.7 Avoid name clashes with e-TeX commands (HO)
)
\Hy@SavedSpaceFactor=\count283

(C:\Users\vipda\Desktop\SomeFiles\proTex\installedTEX\tex/latex/hyperref\puenc.
def
File: puenc.def 2021-06-07 v7.00m Hyperref: PDF Unicode definition (HO)
)
Package hyperref Info: Option `draft' set `true' on input line 4073.
Package hyperref Info: Hyper figures OFF on input line 4192.
Package hyperref Info: Link nesting OFF on input line 4197.
Package hyperref Info: Hyper index ON on input line 4200.
Package hyperref Info: Plain pages OFF on input line 4207.
Package hyperref Info: Backreferencing OFF on input line 4212.
Package hyperref Info: Implicit mode ON; LaTeX internals redefined.
Package hyperref Info: Bookmarks ON on input line 4445.
\c@Hy@tempcnt=\count284

(C:\Users\vipda\Desktop\SomeFiles\proTex\installedTEX\tex/latex/url\url.sty
\Urlmuskip=\muskip17
Package: url 2013/09/16  ver 3.4  Verb mode for urls, etc.
)
LaTeX Info: Redefining \url on input line 4804.
\XeTeXLinkMargin=\dimen167

(C:\Users\vipda\Desktop\SomeFiles\proTex\installedTEX\tex/generic/bitset\bitset
.sty
Package: bitset 2019/12/09 v1.3 Handle bit-vector datatype (HO)

(C:\Users\vipda\Desktop\SomeFiles\proTex\installedTEX\tex/generic/bigintcalc\bi
gintcalc.sty
Package: bigintcalc 2019/12/15 v1.5 Expandable calculations on big integers (HO
)
))
\Fld@menulength=\count285
\Field@Width=\dimen168
\Fld@charsize=\dimen169
Package hyperref Info: Hyper figures OFF on input line 6076.
Package hyperref Info: Link nesting OFF on input line 6081.
Package hyperref Info: Hyper index ON on input line 6084.
Package hyperref Info: backreferencing OFF on input line 6091.
Package hyperref Info: Link coloring OFF on input line 6096.
Package hyperref Info: Link coloring with OCG OFF on input line 6101.
Package hyperref Info: PDF/A mode OFF on input line 6106.
LaTeX Info: Redefining \ref on input line 6146.
LaTeX Info: Redefining \pageref on input line 6150.

(C:\Users\vipda\Desktop\SomeFiles\proTex\installedTEX\tex/latex/base\atbegshi-l
tx.sty
Package: atbegshi-ltx 2021/01/10 v1.0c Emulation of the original atbegshi
package with kernel methods
)
\Hy@abspage=\count286
\c@Item=\count287
\c@Hfootnote=\count288
)
Package hyperref Info: Driver (autodetected): hpdftex.

(C:\Users\vipda\Desktop\SomeFiles\proTex\installedTEX\tex/latex/hyperref\hpdfte
x.def
File: hpdftex.def 2021-06-07 v7.00m Hyperref driver for pdfTeX

(C:\Users\vipda\Desktop\SomeFiles\proTex\installedTEX\tex/latex/base\atveryend-
ltx.sty
Package: atveryend-ltx 2020/08/19 v1.0a Emulation of the original atveryend pac
kage
with kernel methods
)
\Fld@listcount=\count289
\c@bookmark@seq@number=\count290

(C:\Users\vipda\Desktop\SomeFiles\proTex\installedTEX\tex/latex/rerunfilecheck\
rerunfilecheck.sty
Package: rerunfilecheck 2019/12/05 v1.9 Rerun checks for auxiliary files (HO)

(C:\Users\vipda\Desktop\SomeFiles\proTex\installedTEX\tex/generic/uniquecounter
\uniquecounter.sty
Package: uniquecounter 2019/12/15 v1.4 Provide unlimited unique counter (HO)
)
Package uniquecounter Info: New unique counter `rerunfilecheck' on input line 2
86.
)
\Hy@SectionHShift=\skip71
)
LaTeX Font Info:    Trying to load font information for IL2+ptm on input line 1
8.

(C:\Users\vipda\Desktop\SomeFiles\proTex\installedTEX\tex/cslatex/cspsfonts\il2
ptm.fd
File: il2ptm.fd 1998/01/31 CS Times
LaTeX Font Info:     CS Times on input line 2.
LaTeX Font Info:    (C) Z. Wagner,1998/01/31 on input line 3.
LaTeX Font Info:    Created by CsPsFont utility v.1.0e (C) Z. Wagner, 1998/01/3
1 on input line 4.
)
(C:\Users\vipda\Desktop\SomeFiles\proTex\installedTEX\tex/latex/l3backend\l3bac
kend-pdftex.def
File: l3backend-pdftex.def 2021-12-14 L3 backend support: PDF output (pdfTeX)
\l__color_backend_stack_int=\count291
\l__pdf_internal_box=\box59
) (proj3.aux)
\openout1 = `proj3.aux'.

LaTeX Font Info:    Checking defaults for OML/cmm/m/it on input line 18.
LaTeX Font Info:    ... okay on input line 18.
LaTeX Font Info:    Checking defaults for OMS/cmsy/m/n on input line 18.
LaTeX Font Info:    ... okay on input line 18.
LaTeX Font Info:    Checking defaults for OT1/cmr/m/n on input line 18.
LaTeX Font Info:    ... okay on input line 18.
LaTeX Font Info:    Checking defaults for T1/cmr/m/n on input line 18.
LaTeX Font Info:    ... okay on input line 18.
LaTeX Font Info:    Checking defaults for TS1/cmr/m/n on input line 18.
LaTeX Font Info:    ... okay on input line 18.
LaTeX Font Info:    Checking defaults for OMX/cmex/m/n on input line 18.
LaTeX Font Info:    ... okay on input line 18.
LaTeX Font Info:    Checking defaults for U/cmr/m/n on input line 18.
LaTeX Font Info:    ... okay on input line 18.
LaTeX Font Info:    Checking defaults for IL2/cmr/m/n on input line 18.
LaTeX Font Info:    ... okay on input line 18.
LaTeX Font Info:    Checking defaults for PD1/pdf/m/n on input line 18.
LaTeX Font Info:    ... okay on input line 18.
LaTeX Font Info:    Checking defaults for PU/pdf/m/n on input line 18.
LaTeX Font Info:    ... okay on input line 18.

*geometry* driver: auto-detecting
*geometry* detected driver: pdftex
*geometry* verbose mode - [ preamble ] result:
* driver: pdftex
* paper: a4paper
* layout: <same size as paper>
* layoutoffset:(h,v)=(0.0pt,0.0pt)
* modes: 
* h-part:(L,W,R)=(56.9055pt, 483.69684pt, 56.90553pt)
* v-part:(T,H,B)=(85.35826pt, 682.86613pt, 76.82245pt)
* \paperwidth=597.50787pt
* \paperheight=845.04684pt
* \textwidth=483.69684pt
* \textheight=682.86613pt
* \oddsidemargin=-15.36449pt
* \evensidemargin=-15.36449pt
* \topmargin=-23.91173pt
* \headheight=12.0pt
* \headsep=25.0pt
* \topskip=11.0pt
* \footskip=30.0pt
* \marginparwidth=50.0pt
* \marginparsep=10.0pt
* \columnsep=10.0pt
* \skip\footins=10.0pt plus 4.0pt minus 2.0pt
* \hoffset=0.0pt
* \voffset=0.0pt
* \mag=1000
* \@twocolumnfalse
* \@twosidefalse
* \@mparswitchfalse
* \@reversemarginfalse
* (1in=72.27pt=25.4mm, 1cm=28.453pt)


(C:\Users\vipda\Desktop\SomeFiles\proTex\installedTEX\tex/latex/ucs\ucsencs.def
File: ucsencs.def 2011/01/21 Fixes to fontencodings LGR, T3
)
(C:\Users\vipda\Desktop\SomeFiles\proTex\installedTEX\tex/context/base/mkii\sup
p-pdf.mkii
[Loading MPS to PDF converter (version 2006.09.02).]
\scratchcounter=\count292
\scratchdimen=\dimen170
\scratchbox=\box60
\nofMPsegments=\count293
\nofMParguments=\count294
\everyMPshowfont=\toks34
\MPscratchCnt=\count295
\MPscratchDim=\dimen171
\MPnumerator=\count296
\makeMPintoPDFobject=\count297
\everyMPtoPDFconversion=\toks35
)
(C:\Users\vipda\Desktop\SomeFiles\proTex\installedTEX\tex/latex/epstopdf-pkg\ep
stopdf-base.sty
Package: epstopdf-base 2020-01-24 v2.11 Base part for package epstopdf
Package epstopdf-base Info: Redefining graphics rule for `.eps' on input line 4
85.

(C:\Users\vipda\Desktop\SomeFiles\proTex\installedTEX\tex/latex/00miktex\epstop
df-sys.cfg
File: epstopdf-sys.cfg 2021/03/18 v2.0 Configuration of epstopdf for MiKTeX
))

Package hyperref Warning: Draft mode on.

Package hyperref Info: Link coloring OFF on input line 18.

(C:\Users\vipda\Desktop\SomeFiles\proTex\installedTEX\tex/latex/hyperref\namere
f.sty
Package: nameref 2021-04-02 v2.47 Cross-referencing by name of section

(C:\Users\vipda\Desktop\SomeFiles\proTex\installedTEX\tex/latex/refcount\refcou
nt.sty
Package: refcount 2019/12/15 v3.6 Data extraction from label references (HO)
)
(C:\Users\vipda\Desktop\SomeFiles\proTex\installedTEX\tex/generic/gettitlestrin
g\gettitlestring.sty
Package: gettitlestring 2019/12/15 v1.6 Cleanup title references (HO)
)
\c@section@level=\count298
)
LaTeX Info: Redefining \ref on input line 18.
LaTeX Info: Redefining \pageref on input line 18.
LaTeX Info: Redefining \nameref on input line 18.

(C:\Users\vipda\Desktop\SomeFiles\proTex\installedTEX\tex/latex/ucs\uni-0.def
File: uni-0.def 2013/05/13 UCS: Unicode data U+0000..U+00FF
)
(C:\Users\vipda\Desktop\SomeFiles\proTex\installedTEX\tex/latex/ucs\uni-1.def
File: uni-1.def 2013/05/13 UCS: Unicode data U+0100..U+01FF
)
[0

{C:/Users/vipda/AppData/Local/MiKTeX/2.9/fonts/map/pdftex/pdftex.map}]
LaTeX Font Info:    Trying to load font information for IL2+pcr on input line 5
0.

(C:\Users\vipda\Desktop\SomeFiles\proTex\installedTEX\tex/cslatex/cspsfonts\il2
pcr.fd
File: il2pcr.fd 1998/01/31 CS Courier
LaTeX Font Info:     CS Courier on input line 2.
LaTeX Font Info:    (C) Z. Wagner,1998/01/31 on input line 3.
LaTeX Font Info:    Created by CsPsFont utility v.1.0e (C) Z. Wagner, 1998/01/3
1 on input line 4.
)
LaTeX Font Info:    Trying to load font information for U+msa on input line 69.


(C:\Users\vipda\Desktop\SomeFiles\proTex\installedTEX\tex/latex/amsfonts\umsa.f
d
File: umsa.fd 2013/01/14 v3.01 AMS symbols A
)
LaTeX Font Info:    Trying to load font information for U+msb on input line 69.


(C:\Users\vipda\Desktop\SomeFiles\proTex\installedTEX\tex/latex/amsfonts\umsb.f
d
File: umsb.fd 2013/01/14 v3.01 AMS symbols B
) [1]
Package epstopdf Info: Source file: <etiopan.eps>
(epstopdf)                    date: 2021-03-22 13:53:45
(epstopdf)                    size: 592875 bytes
(epstopdf)             Output file: <etiopan-eps-converted-to.pdf>
(epstopdf)                    date: 2022-04-02 13:14:39
(epstopdf)                    size: 15417 bytes
(epstopdf)             Command: <miktex-epstopdf --outfile=etiopan-eps-converte
d-to.pdf etiopan.eps>
(epstopdf)             \includegraphics on input line 204.
Package epstopdf Info: Output file is already uptodate.


pdfTeX warning: pdflatex.exe (file ./etiopan-eps-converted-to.pdf): PDF inclusi
on: found PDF version <1.7>, but at most version <1.5> allowed
<etiopan-eps-converted-to.pdf, id=14, 301.125pt x 451.6875pt>
Package epstopdf Info: Source file: <etiopan.eps>
(epstopdf)                    date: 2021-03-22 13:53:45
(epstopdf)                    size: 592875 bytes
(epstopdf)             Output file: <etiopan-eps-converted-to.pdf>
(epstopdf)                    date: 2022-04-02 13:14:39
(epstopdf)                    size: 15417 bytes
(epstopdf)             Command: <miktex-epstopdf --outfile=etiopan-eps-converte
d-to.pdf etiopan.eps>
(epstopdf)             \includegraphics on input line 205.
Package epstopdf Info: Output file is already uptodate.
[2]
Package epstopdf Info: Source file: <oniisan.eps>
(epstopdf)                    date: 2021-03-22 13:53:45
(epstopdf)                    size: 67034 bytes
(epstopdf)             Output file: <oniisan-eps-converted-to.pdf>
(epstopdf)                    date: 2022-04-02 13:14:40
(epstopdf)                    size: 13629 bytes
(epstopdf)             Command: <miktex-epstopdf --outfile=oniisan-eps-converte
d-to.pdf oniisan.eps>
(epstopdf)             \includegraphics on input line 216.
Package epstopdf Info: Output file is already uptodate.


pdfTeX warning: pdflatex.exe (file ./oniisan-eps-converted-to.pdf): PDF inclusi
on: found PDF version <1.7>, but at most version <1.5> allowed
<oniisan-eps-converted-to.pdf, id=23, 546.04pt x 140.525pt>
Package epstopdf Info: Source file: <oniisan2.eps>
(epstopdf)                    date: 2021-03-22 13:53:45
(epstopdf)                    size: 225642 bytes
(epstopdf)             Output file: <oniisan2-eps-converted-to.pdf>
(epstopdf)                    date: 2022-04-02 13:14:41
(epstopdf)                    size: 3514 bytes
(epstopdf)             Command: <miktex-epstopdf --outfile=oniisan2-eps-convert
ed-to.pdf oniisan2.eps>
(epstopdf)             \includegraphics on input line 225.
Package epstopdf Info: Output file is already uptodate.


pdfTeX warning: pdflatex.exe (file ./oniisan2-eps-converted-to.pdf): PDF inclus
ion: found PDF version <1.7>, but at most version <1.5> allowed
<oniisan2-eps-converted-to.pdf, id=24, 401.5pt x 123.46124pt>
[3]

LaTeX Warning: \oval, \circle, or \line size unavailable on input line 248.

[4

] (proj3.aux) ) 
Here is how much of TeX's memory you used:
 13797 strings out of 478625
 214637 string characters out of 2840491
 557213 words of memory out of 3000000
 31682 multiletter control sequences out of 15000+600000
 427889 words of font info for 92 fonts, out of 8000000 for 9000
 1141 hyphenation exceptions out of 8191
 60i,15n,63p,357b,625s stack positions out of 5000i,500n,10000p,200000b,80000s
{C:/Users/vipda/Desktop/SomeFiles/proTex/installedTEX/fonts/enc/
dvips/base/8a.enc}<C:/Users/vipda/Desktop/SomeFiles/proTex/installedTEX/fonts/t
ype1/public/amsfonts/cm/cmmi10.pfb><C:/Users/vipda/Desktop/SomeFiles/proTex/ins
talledTEX/fonts/type1/public/amsfonts/cm/cmmi8.pfb><C:/Users/vipda/Desktop/Some
Files/proTex/installedTEX/fonts/type1/public/amsfonts/cm/cmr10.pfb><C:/Users/vi
pda/Desktop/SomeFiles/proTex/installedTEX/fonts/type1/public/amsfonts/cm/cmr8.p
fb><C:/Users/vipda/Desktop/SomeFiles/proTex/installedTEX/fonts/type1/public/ams
fonts/cm/cmsy10.pfb><C:/Users/vipda/Desktop/SomeFiles/proTex/installedTEX/fonts
/type1/public/amsfonts/cm/cmsy8.pfb><C:/Users/vipda/Desktop/SomeFiles/proTex/in
stalledTEX/fonts/type1/public/amsfonts/latxfont/lcircle1.pfb><C:/Users/vipda/De
sktop/SomeFiles/proTex/installedTEX/fonts/type1/public/amsfonts/latxfont/line10
.pfb><C:/Users/vipda/Desktop/SomeFiles/proTex/installedTEX/fonts/type1/urw/cour
ier/ucrb8a.pfb><C:/Users/vipda/Desktop/SomeFiles/proTex/installedTEX/fonts/type
1/urw/courier/ucrr8a.pfb><C:/Users/vipda/Desktop/SomeFiles/proTex/installedTEX/
fonts/type1/urw/times/utmb8a.pfb><C:/Users/vipda/Desktop/SomeFiles/proTex/insta
lledTEX/fonts/type1/urw/times/utmr8a.pfb><C:/Users/vipda/Desktop/SomeFiles/proT
ex/installedTEX/fonts/type1/urw/times/utmri8a.pfb>
Output written on proj3.pdf (5 pages, 135877 bytes).
PDF statistics:
 87 PDF objects out of 1000 (max. 8388607)
 0 named destinations out of 1000 (max. 500000)
 16 words of extra memory for PDF output out of 10000 (max. 10000000)

