This is pdfTeX, Version 3.141592653-2.6-1.40.24 (MiKTeX 21.12.10) (preloaded format=pdflatex 2021.12.27)  8 MAY 2022 21:08
entering extended mode
 restricted \write18 enabled.
 %&-line parsing enabled.
**./proj5.tex
(proj5.tex
LaTeX2e <2021-11-15> patch level 1
L3 programming layer <2021-11-22>
(C:\Users\vipda\Desktop\SomeFiles\proTex\installedTEX\tex/latex/beamer\beamer.c
ls
Document Class: beamer 2021/10/18 v3.64 A class for typesetting presentations

(C:\Users\vipda\Desktop\SomeFiles\proTex\installedTEX\tex/latex/beamer\beamerba
semodes.sty
(C:\Users\vipda\Desktop\SomeFiles\proTex\installedTEX\tex/latex/etoolbox\etoolb
ox.sty
Package: etoolbox 2020/10/05 v2.5k e-TeX tools for LaTeX (JAW)
\etb@tempcnta=\count183
)
\beamer@tempbox=\box50
\beamer@tempcount=\count184
\c@beamerpauses=\count185

(C:\Users\vipda\Desktop\SomeFiles\proTex\installedTEX\tex/latex/beamer\beamerba
sedecode.sty
\beamer@slideinframe=\count186
\beamer@minimum=\count187
\beamer@decode@box=\box51
)
\beamer@commentbox=\box52
\beamer@modecount=\count188
)
(C:\Users\vipda\Desktop\SomeFiles\proTex\installedTEX\tex/generic/iftex\ifpdf.s
ty
Package: ifpdf 2019/10/25 v3.4 ifpdf legacy package. Use iftex instead.

(C:\Users\vipda\Desktop\SomeFiles\proTex\installedTEX\tex/generic/iftex\iftex.s
ty
Package: iftex 2020/03/06 v1.0d TeX engine tests
))
\headdp=\dimen138
\footheight=\dimen139
\sidebarheight=\dimen140
\beamer@tempdim=\dimen141
\beamer@finalheight=\dimen142
\beamer@animht=\dimen143
\beamer@animdp=\dimen144
\beamer@animwd=\dimen145
\beamer@leftmargin=\dimen146
\beamer@rightmargin=\dimen147
\beamer@leftsidebar=\dimen148
\beamer@rightsidebar=\dimen149
\beamer@boxsize=\dimen150
\beamer@vboxoffset=\dimen151
\beamer@descdefault=\dimen152
\beamer@descriptionwidth=\dimen153
\beamer@lastskip=\skip47
\beamer@areabox=\box53
\beamer@animcurrent=\box54
\beamer@animshowbox=\box55
\beamer@sectionbox=\box56
\beamer@logobox=\box57
\beamer@linebox=\box58
\beamer@sectioncount=\count189
\beamer@subsubsectionmax=\count190
\beamer@subsectionmax=\count191
\beamer@sectionmax=\count192
\beamer@totalheads=\count193
\beamer@headcounter=\count194
\beamer@partstartpage=\count195
\beamer@sectionstartpage=\count196
\beamer@subsectionstartpage=\count197
\beamer@animationtempa=\count198
\beamer@animationtempb=\count199
\beamer@xpos=\count266
\beamer@ypos=\count267
\beamer@ypos@offset=\count268
\beamer@showpartnumber=\count269
\beamer@currentsubsection=\count270
\beamer@coveringdepth=\count271
\beamer@sectionadjust=\count272
\beamer@toclastsection=\count273
\beamer@tocsectionnumber=\count274

(C:\Users\vipda\Desktop\SomeFiles\proTex\installedTEX\tex/latex/beamer\beamerba
seoptions.sty
(C:\Users\vipda\Desktop\SomeFiles\proTex\installedTEX\tex/latex/graphics\keyval
.sty
Package: keyval 2014/10/28 v1.15 key=value parser (DPC)
\KV@toks@=\toks16
))
\beamer@paperwidth=\skip48
\beamer@paperheight=\skip49

(C:\Users\vipda\Desktop\SomeFiles\proTex\installedTEX\tex/latex/geometry\geomet
ry.sty
Package: geometry 2020/01/02 v5.9 Page Geometry

(C:\Users\vipda\Desktop\SomeFiles\proTex\installedTEX\tex/generic/iftex\ifvtex.
sty
Package: ifvtex 2019/10/25 v1.7 ifvtex legacy package. Use iftex instead.
)
\Gm@cnth=\count275
\Gm@cntv=\count276
\c@Gm@tempcnt=\count277
\Gm@bindingoffset=\dimen154
\Gm@wd@mp=\dimen155
\Gm@odd@mp=\dimen156
\Gm@even@mp=\dimen157
\Gm@layoutwidth=\dimen158
\Gm@layoutheight=\dimen159
\Gm@layouthoffset=\dimen160
\Gm@layoutvoffset=\dimen161
\Gm@dimlist=\toks17

(C:\Users\vipda\Desktop\SomeFiles\proTex\installedTEX\tex/latex/geometry\geomet
ry.cfg))
(C:\Users\vipda\Desktop\SomeFiles\proTex\installedTEX\tex/latex/base\size11.clo
File: size11.clo 2021/10/04 v1.4n Standard LaTeX file (size option)
)
(C:\Users\vipda\Desktop\SomeFiles\proTex\installedTEX\tex/latex/pgf/basiclayer\
pgfcore.sty
(C:\Users\vipda\Desktop\SomeFiles\proTex\installedTEX\tex/latex/graphics\graphi
cx.sty
Package: graphicx 2021/09/16 v1.2d Enhanced LaTeX Graphics (DPC,SPQR)

(C:\Users\vipda\Desktop\SomeFiles\proTex\installedTEX\tex/latex/graphics\graphi
cs.sty
Package: graphics 2021/03/04 v1.4d Standard LaTeX Graphics (DPC,SPQR)

(C:\Users\vipda\Desktop\SomeFiles\proTex\installedTEX\tex/latex/graphics\trig.s
ty
Package: trig 2021/08/11 v1.11 sin cos tan (DPC)
)
(C:\Users\vipda\Desktop\SomeFiles\proTex\installedTEX\tex/latex/graphics-cfg\gr
aphics.cfg
File: graphics.cfg 2016/06/04 v1.11 sample graphics configuration
)
Package graphics Info: Driver file: pdftex.def on input line 107.

(C:\Users\vipda\Desktop\SomeFiles\proTex\installedTEX\tex/latex/graphics-def\pd
ftex.def
File: pdftex.def 2020/10/05 v1.2a Graphics/color driver for pdftex
))
\Gin@req@height=\dimen162
\Gin@req@width=\dimen163
)
(C:\Users\vipda\Desktop\SomeFiles\proTex\installedTEX\tex/latex/pgf/systemlayer
\pgfsys.sty
(C:\Users\vipda\Desktop\SomeFiles\proTex\installedTEX\tex/latex/pgf/utilities\p
gfrcs.sty
(C:\Users\vipda\Desktop\SomeFiles\proTex\installedTEX\tex/generic/pgf/utilities
\pgfutil-common.tex
\pgfutil@everybye=\toks18
\pgfutil@tempdima=\dimen164
\pgfutil@tempdimb=\dimen165

(C:\Users\vipda\Desktop\SomeFiles\proTex\installedTEX\tex/generic/pgf/utilities
\pgfutil-common-lists.tex))
(C:\Users\vipda\Desktop\SomeFiles\proTex\installedTEX\tex/generic/pgf/utilities
\pgfutil-latex.def
\pgfutil@abb=\box59
)
(C:\Users\vipda\Desktop\SomeFiles\proTex\installedTEX\tex/generic/pgf/utilities
\pgfrcs.code.tex
(C:\Users\vipda\Desktop\SomeFiles\proTex\installedTEX\tex/generic/pgf\pgf.revis
ion.tex)
Package: pgfrcs 2021/05/15 v3.1.9a (3.1.9a)
))
(C:\Users\vipda\Desktop\SomeFiles\proTex\installedTEX\tex/generic/pgf/systemlay
er\pgfsys.code.tex
Package: pgfsys 2021/05/15 v3.1.9a (3.1.9a)

(C:\Users\vipda\Desktop\SomeFiles\proTex\installedTEX\tex/generic/pgf/utilities
\pgfkeys.code.tex
\pgfkeys@pathtoks=\toks19
\pgfkeys@temptoks=\toks20

(C:\Users\vipda\Desktop\SomeFiles\proTex\installedTEX\tex/generic/pgf/utilities
\pgfkeysfiltered.code.tex
\pgfkeys@tmptoks=\toks21
))
\pgf@x=\dimen166
\pgf@y=\dimen167
\pgf@xa=\dimen168
\pgf@ya=\dimen169
\pgf@xb=\dimen170
\pgf@yb=\dimen171
\pgf@xc=\dimen172
\pgf@yc=\dimen173
\pgf@xd=\dimen174
\pgf@yd=\dimen175
\w@pgf@writea=\write3
\r@pgf@reada=\read2
\c@pgf@counta=\count278
\c@pgf@countb=\count279
\c@pgf@countc=\count280
\c@pgf@countd=\count281
\t@pgf@toka=\toks22
\t@pgf@tokb=\toks23
\t@pgf@tokc=\toks24
\pgf@sys@id@count=\count282

(C:\Users\vipda\Desktop\SomeFiles\proTex\installedTEX\tex/generic/pgf/systemlay
er\pgf.cfg
File: pgf.cfg 2021/05/15 v3.1.9a (3.1.9a)
)
Driver file for pgf: pgfsys-pdftex.def

(C:\Users\vipda\Desktop\SomeFiles\proTex\installedTEX\tex/generic/pgf/systemlay
er\pgfsys-pdftex.def
File: pgfsys-pdftex.def 2021/05/15 v3.1.9a (3.1.9a)

(C:\Users\vipda\Desktop\SomeFiles\proTex\installedTEX\tex/generic/pgf/systemlay
er\pgfsys-common-pdf.def
File: pgfsys-common-pdf.def 2021/05/15 v3.1.9a (3.1.9a)
)))
(C:\Users\vipda\Desktop\SomeFiles\proTex\installedTEX\tex/generic/pgf/systemlay
er\pgfsyssoftpath.code.tex
File: pgfsyssoftpath.code.tex 2021/05/15 v3.1.9a (3.1.9a)
\pgfsyssoftpath@smallbuffer@items=\count283
\pgfsyssoftpath@bigbuffer@items=\count284
)
(C:\Users\vipda\Desktop\SomeFiles\proTex\installedTEX\tex/generic/pgf/systemlay
er\pgfsysprotocol.code.tex
File: pgfsysprotocol.code.tex 2021/05/15 v3.1.9a (3.1.9a)
))
(C:\Users\vipda\Desktop\SomeFiles\proTex\installedTEX\tex/latex/xcolor\xcolor.s
ty
Package: xcolor 2021/10/31 v2.13 LaTeX color extensions (UK)

(C:\Users\vipda\Desktop\SomeFiles\proTex\installedTEX\tex/latex/graphics-cfg\co
lor.cfg
File: color.cfg 2016/01/02 v1.6 sample color configuration
)
Package xcolor Info: Driver file: pdftex.def on input line 227.
Package xcolor Info: Model `cmy' substituted by `cmy0' on input line 1352.
Package xcolor Info: Model `hsb' substituted by `rgb' on input line 1356.
Package xcolor Info: Model `RGB' extended on input line 1368.
Package xcolor Info: Model `HTML' substituted by `rgb' on input line 1370.
Package xcolor Info: Model `Hsb' substituted by `hsb' on input line 1371.
Package xcolor Info: Model `tHsb' substituted by `hsb' on input line 1372.
Package xcolor Info: Model `HSB' substituted by `hsb' on input line 1373.
Package xcolor Info: Model `Gray' substituted by `gray' on input line 1374.
Package xcolor Info: Model `wave' substituted by `hsb' on input line 1375.
)
(C:\Users\vipda\Desktop\SomeFiles\proTex\installedTEX\tex/generic/pgf/basiclaye
r\pgfcore.code.tex
Package: pgfcore 2021/05/15 v3.1.9a (3.1.9a)

(C:\Users\vipda\Desktop\SomeFiles\proTex\installedTEX\tex/generic/pgf/math\pgfm
ath.code.tex
(C:\Users\vipda\Desktop\SomeFiles\proTex\installedTEX\tex/generic/pgf/math\pgfm
athcalc.code.tex
(C:\Users\vipda\Desktop\SomeFiles\proTex\installedTEX\tex/generic/pgf/math\pgfm
athutil.code.tex)
(C:\Users\vipda\Desktop\SomeFiles\proTex\installedTEX\tex/generic/pgf/math\pgfm
athparser.code.tex
\pgfmath@dimen=\dimen176
\pgfmath@count=\count285
\pgfmath@box=\box60
\pgfmath@toks=\toks25
\pgfmath@stack@operand=\toks26
\pgfmath@stack@operation=\toks27
)
(C:\Users\vipda\Desktop\SomeFiles\proTex\installedTEX\tex/generic/pgf/math\pgfm
athfunctions.code.tex
(C:\Users\vipda\Desktop\SomeFiles\proTex\installedTEX\tex/generic/pgf/math\pgfm
athfunctions.basic.code.tex)
(C:\Users\vipda\Desktop\SomeFiles\proTex\installedTEX\tex/generic/pgf/math\pgfm
athfunctions.trigonometric.code.tex)
(C:\Users\vipda\Desktop\SomeFiles\proTex\installedTEX\tex/generic/pgf/math\pgfm
athfunctions.random.code.tex)
(C:\Users\vipda\Desktop\SomeFiles\proTex\installedTEX\tex/generic/pgf/math\pgfm
athfunctions.comparison.code.tex)
(C:\Users\vipda\Desktop\SomeFiles\proTex\installedTEX\tex/generic/pgf/math\pgfm
athfunctions.base.code.tex)
(C:\Users\vipda\Desktop\SomeFiles\proTex\installedTEX\tex/generic/pgf/math\pgfm
athfunctions.round.code.tex)
(C:\Users\vipda\Desktop\SomeFiles\proTex\installedTEX\tex/generic/pgf/math\pgfm
athfunctions.misc.code.tex)
(C:\Users\vipda\Desktop\SomeFiles\proTex\installedTEX\tex/generic/pgf/math\pgfm
athfunctions.integerarithmetics.code.tex)))
(C:\Users\vipda\Desktop\SomeFiles\proTex\installedTEX\tex/generic/pgf/math\pgfm
athfloat.code.tex
\c@pgfmathroundto@lastzeros=\count286
))
(C:\Users\vipda\Desktop\SomeFiles\proTex\installedTEX\tex/generic/pgf/math\pgfi
nt.code.tex)
(C:\Users\vipda\Desktop\SomeFiles\proTex\installedTEX\tex/generic/pgf/basiclaye
r\pgfcorepoints.code.tex
File: pgfcorepoints.code.tex 2021/05/15 v3.1.9a (3.1.9a)
\pgf@picminx=\dimen177
\pgf@picmaxx=\dimen178
\pgf@picminy=\dimen179
\pgf@picmaxy=\dimen180
\pgf@pathminx=\dimen181
\pgf@pathmaxx=\dimen182
\pgf@pathminy=\dimen183
\pgf@pathmaxy=\dimen184
\pgf@xx=\dimen185
\pgf@xy=\dimen186
\pgf@yx=\dimen187
\pgf@yy=\dimen188
\pgf@zx=\dimen189
\pgf@zy=\dimen190
)
(C:\Users\vipda\Desktop\SomeFiles\proTex\installedTEX\tex/generic/pgf/basiclaye
r\pgfcorepathconstruct.code.tex
File: pgfcorepathconstruct.code.tex 2021/05/15 v3.1.9a (3.1.9a)
\pgf@path@lastx=\dimen191
\pgf@path@lasty=\dimen192
)
(C:\Users\vipda\Desktop\SomeFiles\proTex\installedTEX\tex/generic/pgf/basiclaye
r\pgfcorepathusage.code.tex
File: pgfcorepathusage.code.tex 2021/05/15 v3.1.9a (3.1.9a)
\pgf@shorten@end@additional=\dimen193
\pgf@shorten@start@additional=\dimen194
)
(C:\Users\vipda\Desktop\SomeFiles\proTex\installedTEX\tex/generic/pgf/basiclaye
r\pgfcorescopes.code.tex
File: pgfcorescopes.code.tex 2021/05/15 v3.1.9a (3.1.9a)
\pgfpic=\box61
\pgf@hbox=\box62
\pgf@layerbox@main=\box63
\pgf@picture@serial@count=\count287
)
(C:\Users\vipda\Desktop\SomeFiles\proTex\installedTEX\tex/generic/pgf/basiclaye
r\pgfcoregraphicstate.code.tex
File: pgfcoregraphicstate.code.tex 2021/05/15 v3.1.9a (3.1.9a)
\pgflinewidth=\dimen195
)
(C:\Users\vipda\Desktop\SomeFiles\proTex\installedTEX\tex/generic/pgf/basiclaye
r\pgfcoretransformations.code.tex
File: pgfcoretransformations.code.tex 2021/05/15 v3.1.9a (3.1.9a)
\pgf@pt@x=\dimen196
\pgf@pt@y=\dimen197
\pgf@pt@temp=\dimen198
)
(C:\Users\vipda\Desktop\SomeFiles\proTex\installedTEX\tex/generic/pgf/basiclaye
r\pgfcorequick.code.tex
File: pgfcorequick.code.tex 2021/05/15 v3.1.9a (3.1.9a)
)
(C:\Users\vipda\Desktop\SomeFiles\proTex\installedTEX\tex/generic/pgf/basiclaye
r\pgfcoreobjects.code.tex
File: pgfcoreobjects.code.tex 2021/05/15 v3.1.9a (3.1.9a)
)
(C:\Users\vipda\Desktop\SomeFiles\proTex\installedTEX\tex/generic/pgf/basiclaye
r\pgfcorepathprocessing.code.tex
File: pgfcorepathprocessing.code.tex 2021/05/15 v3.1.9a (3.1.9a)
)
(C:\Users\vipda\Desktop\SomeFiles\proTex\installedTEX\tex/generic/pgf/basiclaye
r\pgfcorearrows.code.tex
File: pgfcorearrows.code.tex 2021/05/15 v3.1.9a (3.1.9a)
\pgfarrowsep=\dimen199
)
(C:\Users\vipda\Desktop\SomeFiles\proTex\installedTEX\tex/generic/pgf/basiclaye
r\pgfcoreshade.code.tex
File: pgfcoreshade.code.tex 2021/05/15 v3.1.9a (3.1.9a)
\pgf@max=\dimen256
\pgf@sys@shading@range@num=\count288
\pgf@shadingcount=\count289
)
(C:\Users\vipda\Desktop\SomeFiles\proTex\installedTEX\tex/generic/pgf/basiclaye
r\pgfcoreimage.code.tex
File: pgfcoreimage.code.tex 2021/05/15 v3.1.9a (3.1.9a)

(C:\Users\vipda\Desktop\SomeFiles\proTex\installedTEX\tex/generic/pgf/basiclaye
r\pgfcoreexternal.code.tex
File: pgfcoreexternal.code.tex 2021/05/15 v3.1.9a (3.1.9a)
\pgfexternal@startupbox=\box64
))
(C:\Users\vipda\Desktop\SomeFiles\proTex\installedTEX\tex/generic/pgf/basiclaye
r\pgfcorelayers.code.tex
File: pgfcorelayers.code.tex 2021/05/15 v3.1.9a (3.1.9a)
)
(C:\Users\vipda\Desktop\SomeFiles\proTex\installedTEX\tex/generic/pgf/basiclaye
r\pgfcoretransparency.code.tex
File: pgfcoretransparency.code.tex 2021/05/15 v3.1.9a (3.1.9a)
)
(C:\Users\vipda\Desktop\SomeFiles\proTex\installedTEX\tex/generic/pgf/basiclaye
r\pgfcorepatterns.code.tex
File: pgfcorepatterns.code.tex 2021/05/15 v3.1.9a (3.1.9a)
)
(C:\Users\vipda\Desktop\SomeFiles\proTex\installedTEX\tex/generic/pgf/basiclaye
r\pgfcorerdf.code.tex
File: pgfcorerdf.code.tex 2021/05/15 v3.1.9a (3.1.9a)
)))
(C:\Users\vipda\Desktop\SomeFiles\proTex\installedTEX\tex/latex/pgf/utilities\x
xcolor.sty
Package: xxcolor 2003/10/24 ver 0.1
\XC@nummixins=\count290
\XC@countmixins=\count291
)
(C:\Users\vipda\Desktop\SomeFiles\proTex\installedTEX\tex/latex/base\atbegshi-l
tx.sty
Package: atbegshi-ltx 2021/01/10 v1.0c Emulation of the original atbegshi
package with kernel methods
)
(C:\Users\vipda\Desktop\SomeFiles\proTex\installedTEX\tex/latex/hyperref\hyperr
ef.sty
Package: hyperref 2021-06-07 v7.00m Hypertext links for LaTeX

(C:\Users\vipda\Desktop\SomeFiles\proTex\installedTEX\tex/generic/ltxcmds\ltxcm
ds.sty
Package: ltxcmds 2020-05-10 v1.25 LaTeX kernel commands for general use (HO)
)
(C:\Users\vipda\Desktop\SomeFiles\proTex\installedTEX\tex/generic/pdftexcmds\pd
ftexcmds.sty
Package: pdftexcmds 2020-06-27 v0.33 Utility functions of pdfTeX for LuaTeX (HO
)

(C:\Users\vipda\Desktop\SomeFiles\proTex\installedTEX\tex/generic/infwarerr\inf
warerr.sty
Package: infwarerr 2019/12/03 v1.5 Providing info/warning/error messages (HO)
)
Package pdftexcmds Info: \pdf@primitive is available.
Package pdftexcmds Info: \pdf@ifprimitive is available.
Package pdftexcmds Info: \pdfdraftmode found.
)
(C:\Users\vipda\Desktop\SomeFiles\proTex\installedTEX\tex/generic/kvsetkeys\kvs
etkeys.sty
Package: kvsetkeys 2019/12/15 v1.18 Key value parser (HO)
)
(C:\Users\vipda\Desktop\SomeFiles\proTex\installedTEX\tex/generic/kvdefinekeys\
kvdefinekeys.sty
Package: kvdefinekeys 2019-12-19 v1.6 Define keys (HO)
)
(C:\Users\vipda\Desktop\SomeFiles\proTex\installedTEX\tex/generic/pdfescape\pdf
escape.sty
Package: pdfescape 2019/12/09 v1.15 Implements pdfTeX's escape features (HO)
)
(C:\Users\vipda\Desktop\SomeFiles\proTex\installedTEX\tex/latex/hycolor\hycolor
.sty
Package: hycolor 2020-01-27 v1.10 Color options for hyperref/bookmark (HO)
)
(C:\Users\vipda\Desktop\SomeFiles\proTex\installedTEX\tex/latex/letltxmacro\let
ltxmacro.sty
Package: letltxmacro 2019/12/03 v1.6 Let assignment for LaTeX macros (HO)
)
(C:\Users\vipda\Desktop\SomeFiles\proTex\installedTEX\tex/latex/auxhook\auxhook
.sty
Package: auxhook 2019-12-17 v1.6 Hooks for auxiliary files (HO)
)
(C:\Users\vipda\Desktop\SomeFiles\proTex\installedTEX\tex/latex/kvoptions\kvopt
ions.sty
Package: kvoptions 2020-10-07 v3.14 Key value format for package options (HO)
)
\@linkdim=\dimen257
\Hy@linkcounter=\count292
\Hy@pagecounter=\count293

(C:\Users\vipda\Desktop\SomeFiles\proTex\installedTEX\tex/latex/hyperref\pd1enc
.def
File: pd1enc.def 2021-06-07 v7.00m Hyperref: PDFDocEncoding definition (HO)
Now handling font encoding PD1 ...
... no UTF-8 mapping file for font encoding PD1
)
(C:\Users\vipda\Desktop\SomeFiles\proTex\installedTEX\tex/latex/hyperref\hyperr
ef-langpatches.def
File: hyperref-langpatches.def 2021-06-07 v7.00m Hyperref: patches for babel la
nguages
)
(C:\Users\vipda\Desktop\SomeFiles\proTex\installedTEX\tex/generic/intcalc\intca
lc.sty
Package: intcalc 2019/12/15 v1.3 Expandable calculations with integers (HO)
)
(C:\Users\vipda\Desktop\SomeFiles\proTex\installedTEX\tex/generic/etexcmds\etex
cmds.sty
Package: etexcmds 2019/12/15 v1.7 Avoid name clashes with e-TeX commands (HO)
)
\Hy@SavedSpaceFactor=\count294

(C:\Users\vipda\Desktop\SomeFiles\proTex\installedTEX\tex/latex/hyperref\puenc.
def
File: puenc.def 2021-06-07 v7.00m Hyperref: PDF Unicode definition (HO)
Now handling font encoding PU ...
... no UTF-8 mapping file for font encoding PU
)
Package hyperref Info: Option `final' set `true' on input line 4073.
Package hyperref Info: Option `bookmarks' set `true' on input line 4073.
Package hyperref Info: Option `bookmarksopen' set `true' on input line 4073.
Package hyperref Info: Option `implicit' set `false' on input line 4073.
Package hyperref Info: Hyper figures OFF on input line 4192.
Package hyperref Info: Link nesting OFF on input line 4197.
Package hyperref Info: Hyper index ON on input line 4200.
Package hyperref Info: Plain pages OFF on input line 4207.
Package hyperref Info: Backreferencing OFF on input line 4212.
Package hyperref Info: Implicit mode OFF; no redefinition of LaTeX internals.
Package hyperref Info: Bookmarks ON on input line 4445.
\c@Hy@tempcnt=\count295

(C:\Users\vipda\Desktop\SomeFiles\proTex\installedTEX\tex/latex/url\url.sty
\Urlmuskip=\muskip16
Package: url 2013/09/16  ver 3.4  Verb mode for urls, etc.
)
LaTeX Info: Redefining \url on input line 4804.
\XeTeXLinkMargin=\dimen258

(C:\Users\vipda\Desktop\SomeFiles\proTex\installedTEX\tex/generic/bitset\bitset
.sty
Package: bitset 2019/12/09 v1.3 Handle bit-vector datatype (HO)

(C:\Users\vipda\Desktop\SomeFiles\proTex\installedTEX\tex/generic/bigintcalc\bi
gintcalc.sty
Package: bigintcalc 2019/12/15 v1.5 Expandable calculations on big integers (HO
)
))
\Fld@menulength=\count296
\Field@Width=\dimen259
\Fld@charsize=\dimen260
Package hyperref Info: Hyper figures OFF on input line 6076.
Package hyperref Info: Link nesting OFF on input line 6081.
Package hyperref Info: Hyper index ON on input line 6084.
Package hyperref Info: backreferencing OFF on input line 6091.
Package hyperref Info: Link coloring OFF on input line 6096.
Package hyperref Info: Link coloring with OCG OFF on input line 6101.
Package hyperref Info: PDF/A mode OFF on input line 6106.
LaTeX Info: Redefining \ref on input line 6146.
LaTeX Info: Redefining \pageref on input line 6150.
\Hy@abspage=\count297


Package hyperref Message: Stopped early.

)
Package hyperref Info: Driver (autodetected): hpdftex.

(C:\Users\vipda\Desktop\SomeFiles\proTex\installedTEX\tex/latex/hyperref\hpdfte
x.def
File: hpdftex.def 2021-06-07 v7.00m Hyperref driver for pdfTeX

(C:\Users\vipda\Desktop\SomeFiles\proTex\installedTEX\tex/latex/base\atveryend-
ltx.sty
Package: atveryend-ltx 2020/08/19 v1.0a Emulation of the original atveryend pac
kage
with kernel methods
)
\Fld@listcount=\count298
\c@bookmark@seq@number=\count299

(C:\Users\vipda\Desktop\SomeFiles\proTex\installedTEX\tex/latex/rerunfilecheck\
rerunfilecheck.sty
Package: rerunfilecheck 2019/12/05 v1.9 Rerun checks for auxiliary files (HO)

(C:\Users\vipda\Desktop\SomeFiles\proTex\installedTEX\tex/generic/uniquecounter
\uniquecounter.sty
Package: uniquecounter 2019/12/15 v1.4 Provide unlimited unique counter (HO)
)
Package uniquecounter Info: New unique counter `rerunfilecheck' on input line 2
86.
))
(C:\Users\vipda\Desktop\SomeFiles\proTex\installedTEX\tex/latex/beamer\beamerba
serequires.sty
(C:\Users\vipda\Desktop\SomeFiles\proTex\installedTEX\tex/latex/beamer\beamerba
secompatibility.sty)
(C:\Users\vipda\Desktop\SomeFiles\proTex\installedTEX\tex/latex/beamer\beamerba
sefont.sty
(C:\Users\vipda\Desktop\SomeFiles\proTex\installedTEX\tex/latex/amsfonts\amssym
b.sty
Package: amssymb 2013/01/14 v3.01 AMS font symbols

(C:\Users\vipda\Desktop\SomeFiles\proTex\installedTEX\tex/latex/amsfonts\amsfon
ts.sty
Package: amsfonts 2013/01/14 v3.01 Basic AMSFonts support
\@emptytoks=\toks28
\symAMSa=\mathgroup4
\symAMSb=\mathgroup5
LaTeX Font Info:    Redeclaring math symbol \hbar on input line 98.
LaTeX Font Info:    Overwriting math alphabet `\mathfrak' in version `bold'
(Font)                  U/euf/m/n --> U/euf/b/n on input line 106.
))
(C:\Users\vipda\Desktop\SomeFiles\proTex\installedTEX\tex/latex/sansmathaccent\
sansmathaccent.sty
Package: sansmathaccent 2020/01/31

(C:\Users\vipda\Desktop\SomeFiles\proTex\installedTEX\tex/latex/koma-script\scr
lfile.sty
Package: scrlfile 2021/11/13 v3.35 KOMA-Script package (file load hooks)

(C:\Users\vipda\Desktop\SomeFiles\proTex\installedTEX\tex/latex/koma-script\scr
lfile-hook.sty
Package: scrlfile-hook 2021/11/13 v3.35 KOMA-Script package (using LaTeX hooks)


(C:\Users\vipda\Desktop\SomeFiles\proTex\installedTEX\tex/latex/koma-script\scr
logo.sty
Package: scrlogo 2021/11/13 v3.35 KOMA-Script package (logo)
)))))
(C:\Users\vipda\Desktop\SomeFiles\proTex\installedTEX\tex/latex/beamer\beamerba
setranslator.sty
(C:\Users\vipda\Desktop\SomeFiles\proTex\installedTEX\tex/latex/translator\tran
slator.sty
Package: translator 2021-05-31 v1.12d Easy translation of strings in LaTeX
))
(C:\Users\vipda\Desktop\SomeFiles\proTex\installedTEX\tex/latex/beamer\beamerba
semisc.sty)
(C:\Users\vipda\Desktop\SomeFiles\proTex\installedTEX\tex/latex/beamer\beamerba
setwoscreens.sty)
(C:\Users\vipda\Desktop\SomeFiles\proTex\installedTEX\tex/latex/beamer\beamerba
seoverlay.sty
\beamer@argscount=\count300
\beamer@lastskipcover=\skip50
\beamer@trivlistdepth=\count301
)
(C:\Users\vipda\Desktop\SomeFiles\proTex\installedTEX\tex/latex/beamer\beamerba
setitle.sty)
(C:\Users\vipda\Desktop\SomeFiles\proTex\installedTEX\tex/latex/beamer\beamerba
sesection.sty
\c@lecture=\count302
\c@part=\count303
\c@section=\count304
\c@subsection=\count305
\c@subsubsection=\count306
)
(C:\Users\vipda\Desktop\SomeFiles\proTex\installedTEX\tex/latex/beamer\beamerba
seframe.sty
\beamer@framebox=\box65
\beamer@frametitlebox=\box66
\beamer@zoombox=\box67
\beamer@zoomcount=\count307
\beamer@zoomframecount=\count308
\beamer@frametextheight=\dimen261
\c@subsectionslide=\count309
\beamer@frametopskip=\skip51
\beamer@framebottomskip=\skip52
\beamer@frametopskipautobreak=\skip53
\beamer@framebottomskipautobreak=\skip54
\beamer@envbody=\toks29
\framewidth=\dimen262
\c@framenumber=\count310
)
(C:\Users\vipda\Desktop\SomeFiles\proTex\installedTEX\tex/latex/beamer\beamerba
severbatim.sty
\beamer@verbatimfileout=\write4
)
(C:\Users\vipda\Desktop\SomeFiles\proTex\installedTEX\tex/latex/beamer\beamerba
seframesize.sty
\beamer@splitbox=\box68
\beamer@autobreakcount=\count311
\beamer@autobreaklastheight=\dimen263
\beamer@frametitletoks=\toks30
\beamer@framesubtitletoks=\toks31
)
(C:\Users\vipda\Desktop\SomeFiles\proTex\installedTEX\tex/latex/beamer\beamerba
seframecomponents.sty
\beamer@footins=\box69
)
(C:\Users\vipda\Desktop\SomeFiles\proTex\installedTEX\tex/latex/beamer\beamerba
secolor.sty)
(C:\Users\vipda\Desktop\SomeFiles\proTex\installedTEX\tex/latex/beamer\beamerba
senotes.sty
\beamer@frameboxcopy=\box70
)
(C:\Users\vipda\Desktop\SomeFiles\proTex\installedTEX\tex/latex/beamer\beamerba
setoc.sty)
(C:\Users\vipda\Desktop\SomeFiles\proTex\installedTEX\tex/latex/beamer\beamerba
setemplates.sty
\beamer@sbttoks=\toks32

(C:\Users\vipda\Desktop\SomeFiles\proTex\installedTEX\tex/latex/beamer\beamerba
seauxtemplates.sty
(C:\Users\vipda\Desktop\SomeFiles\proTex\installedTEX\tex/latex/beamer\beamerba
seboxes.sty
\bmb@box=\box71
\bmb@colorbox=\box72
\bmb@boxwidth=\dimen264
\bmb@boxheight=\dimen265
\bmb@prevheight=\dimen266
\bmb@temp=\dimen267
\bmb@dima=\dimen268
\bmb@dimb=\dimen269
\bmb@prevheight=\dimen270
)
\beamer@blockheadheight=\dimen271
))
(C:\Users\vipda\Desktop\SomeFiles\proTex\installedTEX\tex/latex/beamer\beamerba
selocalstructure.sty
(C:\Users\vipda\Desktop\SomeFiles\proTex\installedTEX\tex/latex/tools\enumerate
.sty
Package: enumerate 2015/07/23 v3.00 enumerate extensions (DPC)
\@enLab=\toks33
)
\beamer@bibiconwidth=\skip55
\c@figure=\count312
\c@table=\count313
\abovecaptionskip=\skip56
\belowcaptionskip=\skip57
)
(C:\Users\vipda\Desktop\SomeFiles\proTex\installedTEX\tex/latex/beamer\beamerba
senavigation.sty
\beamer@section@min@dim=\dimen272
)
(C:\Users\vipda\Desktop\SomeFiles\proTex\installedTEX\tex/latex/beamer\beamerba
setheorems.sty
(C:\Users\vipda\Desktop\SomeFiles\proTex\installedTEX\tex/latex/amsmath\amsmath
.sty
Package: amsmath 2021/10/15 v2.17l AMS math features
\@mathmargin=\skip58

For additional information on amsmath, use the `?' option.

(C:\Users\vipda\Desktop\SomeFiles\proTex\installedTEX\tex/latex/amsmath\amstext
.sty
Package: amstext 2021/08/26 v2.01 AMS text

(C:\Users\vipda\Desktop\SomeFiles\proTex\installedTEX\tex/latex/amsmath\amsgen.
sty
File: amsgen.sty 1999/11/30 v2.0 generic functions
\@emptytoks=\toks34
\ex@=\dimen273
))
(C:\Users\vipda\Desktop\SomeFiles\proTex\installedTEX\tex/latex/amsmath\amsbsy.
sty
Package: amsbsy 1999/11/29 v1.2d Bold Symbols
\pmbraise@=\dimen274
)
(C:\Users\vipda\Desktop\SomeFiles\proTex\installedTEX\tex/latex/amsmath\amsopn.
sty
Package: amsopn 2021/08/26 v2.02 operator names
)
\inf@bad=\count314
LaTeX Info: Redefining \frac on input line 234.
\uproot@=\count315
\leftroot@=\count316
LaTeX Info: Redefining \overline on input line 399.
\classnum@=\count317
\DOTSCASE@=\count318
LaTeX Info: Redefining \ldots on input line 496.
LaTeX Info: Redefining \dots on input line 499.
LaTeX Info: Redefining \cdots on input line 620.
\Mathstrutbox@=\box73
\strutbox@=\box74
\big@size=\dimen275
LaTeX Font Info:    Redeclaring font encoding OML on input line 743.
LaTeX Font Info:    Redeclaring font encoding OMS on input line 744.
\macc@depth=\count319
\c@MaxMatrixCols=\count320
\dotsspace@=\muskip17
\c@parentequation=\count321
\dspbrk@lvl=\count322
\tag@help=\toks35
\row@=\count323
\column@=\count324
\maxfields@=\count325
\andhelp@=\toks36
\eqnshift@=\dimen276
\alignsep@=\dimen277
\tagshift@=\dimen278
\tagwidth@=\dimen279
\totwidth@=\dimen280
\lineht@=\dimen281
\@envbody=\toks37
\multlinegap=\skip59
\multlinetaggap=\skip60
\mathdisplay@stack=\toks38
LaTeX Info: Redefining \[ on input line 2938.
LaTeX Info: Redefining \] on input line 2939.
)
(C:\Users\vipda\Desktop\SomeFiles\proTex\installedTEX\tex/latex/amscls\amsthm.s
ty
Package: amsthm 2020/05/29 v2.20.6
\thm@style=\toks39
\thm@bodyfont=\toks40
\thm@headfont=\toks41
\thm@notefont=\toks42
\thm@headpunct=\toks43
\thm@preskip=\skip61
\thm@postskip=\skip62
\thm@headsep=\skip63
\dth@everypar=\toks44
)
\c@theorem=\count326
)
(C:\Users\vipda\Desktop\SomeFiles\proTex\installedTEX\tex/latex/beamer\beamerba
sethemes.sty))
(C:\Users\vipda\Desktop\SomeFiles\proTex\installedTEX\tex/latex/beamer\beamerth
emedefault.sty
(C:\Users\vipda\Desktop\SomeFiles\proTex\installedTEX\tex/latex/beamer\beamerfo
ntthemedefault.sty)
(C:\Users\vipda\Desktop\SomeFiles\proTex\installedTEX\tex/latex/beamer\beamerco
lorthemedefault.sty)
(C:\Users\vipda\Desktop\SomeFiles\proTex\installedTEX\tex/latex/beamer\beamerin
nerthemedefault.sty
\beamer@dima=\dimen282
\beamer@dimb=\dimen283
)
(C:\Users\vipda\Desktop\SomeFiles\proTex\installedTEX\tex/latex/beamer\beamerou
terthemedefault.sty)))
(C:\Users\vipda\Desktop\SomeFiles\proTex\installedTEX\tex/generic/babel\babel.s
ty
Package: babel 2021/11/29 3.67 The Babel package
\babel@savecnt=\count327
\U@D=\dimen284
\l@unhyphenated=\language83

(C:\Users\vipda\Desktop\SomeFiles\proTex\installedTEX\tex/generic/babel\txtbabe
l.def)
\bbl@readstream=\read3
LaTeX Info: Redefining \textlatin on input line 3972.
\bbl@dirlevel=\count328

*************************************
* Local config file bblopts.cfg used
*

(C:\Users\vipda\Desktop\SomeFiles\proTex\installedTEX\tex/latex/arabi\bblopts.c
fg
File: bblopts.cfg 2005/09/08 v0.1 add Arabic and Farsi to "declared" options of
 babel
)
(C:\Users\vipda\Desktop\SomeFiles\proTex\installedTEX\tex/latex/babel-czech\cze
ch.ldf
Language: czech 2008/07/06 v3.1a Czech support from the babel system
Package babel Info: Making " an active character on input line 172.
\cs@wordlen=\count329
Package babel Info: Making - an active character on input line 226.
))
(C:\Users\vipda\Desktop\SomeFiles\proTex\installedTEX\tex/latex/base\fontenc.st
y
Package: fontenc 2021/04/29 v2.0v Standard LaTeX package
)
(C:\Users\vipda\Desktop\SomeFiles\proTex\installedTEX\tex/latex/base\inputenc.s
ty
Package: inputenc 2021/02/14 v1.3d Input encoding file
\inpenc@prehook=\toks45
\inpenc@posthook=\toks46
)
(C:\Users\vipda\Desktop\SomeFiles\proTex\installedTEX\tex/latex/psnfss\times.st
y
Package: times 2020/03/25 PSNFSS-v9.3 (SPQR) 
)
(C:\Users\vipda\Desktop\SomeFiles\proTex\installedTEX\tex/latex/algorithm2e\alg
orithm2e.sty
Package: algorithm2e 2017/07/18 v5.2 algorithms environments
\c@AlgoLine=\count330

(C:\Users\vipda\Desktop\SomeFiles\proTex\installedTEX\tex/latex/base\ifthen.sty
Package: ifthen 2020/11/24 v1.1c Standard LaTeX ifthen package (DPC)
)
\algocf@hangindent=\skip64

(C:\Users\vipda\Desktop\SomeFiles\proTex\installedTEX\tex/latex/ifoddpage\ifodd
page.sty
Package: ifoddpage 2016/04/23 v1.1 Conditionals for odd/even page detection
\c@checkoddpage=\count331
)
(C:\Users\vipda\Desktop\SomeFiles\proTex\installedTEX\tex/latex/tools\xspace.st
y
Package: xspace 2014/10/28 v1.13 Space after command names (DPC,MH)
)
(C:\Users\vipda\Desktop\SomeFiles\proTex\installedTEX\tex/latex/relsize\relsize
.sty
Package: relsize 2013/03/29 ver 4.1
)
\skiptotal=\skip65
\skiplinenumber=\skip66
\skiprule=\skip67
\skiphlne=\skip68
\skiptext=\skip69
\skiplength=\skip70
\algomargin=\skip71
\skipalgocfslide=\skip72
\algowidth=\dimen285
\inoutsize=\dimen286
\inoutindent=\dimen287
\interspacetitleruled=\dimen288
\interspacealgoruled=\dimen289
\interspacetitleboxruled=\dimen290
\algocf@ruledwidth=\skip73
\algocf@inoutbox=\box75
\algocf@inputbox=\box76
\AlCapSkip=\skip74
\AlCapHSkip=\skip75
\algoskipindent=\skip76
\algocf@nlbox=\box77
\algocf@hangingbox=\box78
\algocf@untilbox=\box79
\algocf@skipuntil=\skip77
\algocf@capbox=\box80
\algocf@lcaptionbox=\skip78
\algoheightruledefault=\skip79
\algoheightrule=\skip80
\algotitleheightruledefault=\skip81
\algotitleheightrule=\skip82
\c@algocfline=\count332
\c@algocfproc=\count333
\c@algocf=\count334
\algocf@algoframe=\box81
\algocf@algobox=\box82
)
(C:\Users\vipda\Desktop\SomeFiles\proTex\installedTEX\tex/latex/pgf/frontendlay
er\tikz.sty
(C:\Users\vipda\Desktop\SomeFiles\proTex\installedTEX\tex/latex/pgf/basiclayer\
pgf.sty
Package: pgf 2021/05/15 v3.1.9a (3.1.9a)

(C:\Users\vipda\Desktop\SomeFiles\proTex\installedTEX\tex/generic/pgf/modules\p
gfmoduleshapes.code.tex
File: pgfmoduleshapes.code.tex 2021/05/15 v3.1.9a (3.1.9a)
\pgfnodeparttextbox=\box83
)
(C:\Users\vipda\Desktop\SomeFiles\proTex\installedTEX\tex/generic/pgf/modules\p
gfmoduleplot.code.tex
File: pgfmoduleplot.code.tex 2021/05/15 v3.1.9a (3.1.9a)
)
(C:\Users\vipda\Desktop\SomeFiles\proTex\installedTEX\tex/latex/pgf/compatibili
ty\pgfcomp-version-0-65.sty
Package: pgfcomp-version-0-65 2021/05/15 v3.1.9a (3.1.9a)
\pgf@nodesepstart=\dimen291
\pgf@nodesepend=\dimen292
)
(C:\Users\vipda\Desktop\SomeFiles\proTex\installedTEX\tex/latex/pgf/compatibili
ty\pgfcomp-version-1-18.sty
Package: pgfcomp-version-1-18 2021/05/15 v3.1.9a (3.1.9a)
))
(C:\Users\vipda\Desktop\SomeFiles\proTex\installedTEX\tex/latex/pgf/utilities\p
gffor.sty
(C:\Users\vipda\Desktop\SomeFiles\proTex\installedTEX\tex/latex/pgf/utilities\p
gfkeys.sty
(C:\Users\vipda\Desktop\SomeFiles\proTex\installedTEX\tex/generic/pgf/utilities
\pgfkeys.code.tex))
(C:\Users\vipda\Desktop\SomeFiles\proTex\installedTEX\tex/latex/pgf/math\pgfmat
h.sty
(C:\Users\vipda\Desktop\SomeFiles\proTex\installedTEX\tex/generic/pgf/math\pgfm
ath.code.tex))
(C:\Users\vipda\Desktop\SomeFiles\proTex\installedTEX\tex/generic/pgf/utilities
\pgffor.code.tex
Package: pgffor 2021/05/15 v3.1.9a (3.1.9a)

(C:\Users\vipda\Desktop\SomeFiles\proTex\installedTEX\tex/generic/pgf/math\pgfm
ath.code.tex)
\pgffor@iter=\dimen293
\pgffor@skip=\dimen294
\pgffor@stack=\toks47
\pgffor@toks=\toks48
))
(C:\Users\vipda\Desktop\SomeFiles\proTex\installedTEX\tex/generic/pgf/frontendl
ayer/tikz\tikz.code.tex
Package: tikz 2021/05/15 v3.1.9a (3.1.9a)

(C:\Users\vipda\Desktop\SomeFiles\proTex\installedTEX\tex/generic/pgf/libraries
\pgflibraryplothandlers.code.tex
File: pgflibraryplothandlers.code.tex 2021/05/15 v3.1.9a (3.1.9a)
\pgf@plot@mark@count=\count335
\pgfplotmarksize=\dimen295
)
\tikz@lastx=\dimen296
\tikz@lasty=\dimen297
\tikz@lastxsaved=\dimen298
\tikz@lastysaved=\dimen299
\tikz@lastmovetox=\dimen300
\tikz@lastmovetoy=\dimen301
\tikzleveldistance=\dimen302
\tikzsiblingdistance=\dimen303
\tikz@figbox=\box84
\tikz@figbox@bg=\box85
\tikz@tempbox=\box86
\tikz@tempbox@bg=\box87
\tikztreelevel=\count336
\tikznumberofchildren=\count337
\tikznumberofcurrentchild=\count338
\tikz@fig@count=\count339

(C:\Users\vipda\Desktop\SomeFiles\proTex\installedTEX\tex/generic/pgf/modules\p
gfmodulematrix.code.tex
File: pgfmodulematrix.code.tex 2021/05/15 v3.1.9a (3.1.9a)
\pgfmatrixcurrentrow=\count340
\pgfmatrixcurrentcolumn=\count341
\pgf@matrix@numberofcolumns=\count342
)
\tikz@expandcount=\count343

(C:\Users\vipda\Desktop\SomeFiles\proTex\installedTEX\tex/generic/pgf/frontendl
ayer/tikz/libraries\tikzlibrarytopaths.code.tex
File: tikzlibrarytopaths.code.tex 2021/05/15 v3.1.9a (3.1.9a)
)))

Package hyperref Warning: Token not allowed in a PDF string (Unicode):
(hyperref)                removing `\\' on input line 15.


(C:\Users\vipda\Desktop\SomeFiles\proTex\installedTEX\tex/latex/beamer\beamerth
emeEastLansing.sty
(C:\Users\vipda\Desktop\SomeFiles\proTex\installedTEX\tex/latex/beamer\beamerin
nerthemerounded.sty)
(C:\Users\vipda\Desktop\SomeFiles\proTex\installedTEX\tex/latex/beamer\beamerou
terthemeinfolines.sty)
(C:\Users\vipda\Desktop\SomeFiles\proTex\installedTEX\tex/latex/beamer\beamerco
lorthemespruce.sty))
LaTeX Font Info:    Trying to load font information for T1+phv on input line 26
.

(C:\Users\vipda\Desktop\SomeFiles\proTex\installedTEX\tex/latex/psnfss\t1phv.fd
File: t1phv.fd 2020/03/25 scalable font definitions for T1/phv.
)
(C:\Users\vipda\Desktop\SomeFiles\proTex\installedTEX\tex/latex/l3backend\l3bac
kend-pdftex.def
File: l3backend-pdftex.def 2021-12-14 L3 backend support: PDF output (pdfTeX)
\l__color_backend_stack_int=\count344
\l__pdf_internal_box=\box88
) (proj5.aux)
\openout1 = `proj5.aux'.

LaTeX Font Info:    Checking defaults for OML/cmm/m/it on input line 26.
LaTeX Font Info:    ... okay on input line 26.
LaTeX Font Info:    Checking defaults for OMS/cmsy/m/n on input line 26.
LaTeX Font Info:    ... okay on input line 26.
LaTeX Font Info:    Checking defaults for OT1/cmr/m/n on input line 26.
LaTeX Font Info:    ... okay on input line 26.
LaTeX Font Info:    Checking defaults for T1/cmr/m/n on input line 26.
LaTeX Font Info:    ... okay on input line 26.
LaTeX Font Info:    Checking defaults for TS1/cmr/m/n on input line 26.
LaTeX Font Info:    ... okay on input line 26.
LaTeX Font Info:    Checking defaults for OMX/cmex/m/n on input line 26.
LaTeX Font Info:    ... okay on input line 26.
LaTeX Font Info:    Checking defaults for U/cmr/m/n on input line 26.
LaTeX Font Info:    ... okay on input line 26.
LaTeX Font Info:    Checking defaults for PD1/pdf/m/n on input line 26.
LaTeX Font Info:    ... okay on input line 26.
LaTeX Font Info:    Checking defaults for PU/pdf/m/n on input line 26.
LaTeX Font Info:    ... okay on input line 26.

*geometry* driver: auto-detecting
*geometry* detected driver: pdftex
*geometry* verbose mode - [ preamble ] result:
* driver: pdftex
* paper: custom
* layout: <same size as paper>
* layoutoffset:(h,v)=(0.0pt,0.0pt)
* modes: includehead includefoot 
* h-part:(L,W,R)=(10.88002pt, 342.43532pt, 10.88002pt)
* v-part:(T,H,B)=(0.0pt, 273.14662pt, 0.0pt)
* \paperwidth=364.19536pt
* \paperheight=273.14662pt
* \textwidth=342.43532pt
* \textheight=244.6939pt
* \oddsidemargin=-61.38997pt
* \evensidemargin=-61.38997pt
* \topmargin=-72.26999pt
* \headheight=14.22636pt
* \headsep=0.0pt
* \topskip=11.0pt
* \footskip=14.22636pt
* \marginparwidth=4.0pt
* \marginparsep=10.0pt
* \columnsep=10.0pt
* \skip\footins=10.0pt plus 4.0pt minus 2.0pt
* \hoffset=0.0pt
* \voffset=0.0pt
* \mag=1000
* \@twocolumnfalse
* \@twosidefalse
* \@mparswitchfalse
* \@reversemarginfalse
* (1in=72.27pt=25.4mm, 1cm=28.453pt)


(C:\Users\vipda\Desktop\SomeFiles\proTex\installedTEX\tex/context/base/mkii\sup
p-pdf.mkii
[Loading MPS to PDF converter (version 2006.09.02).]
\scratchcounter=\count345
\scratchdimen=\dimen304
\scratchbox=\box89
\nofMPsegments=\count346
\nofMParguments=\count347
\everyMPshowfont=\toks49
\MPscratchCnt=\count348
\MPscratchDim=\dimen305
\MPnumerator=\count349
\makeMPintoPDFobject=\count350
\everyMPtoPDFconversion=\toks50
)
(C:\Users\vipda\Desktop\SomeFiles\proTex\installedTEX\tex/latex/epstopdf-pkg\ep
stopdf-base.sty
Package: epstopdf-base 2020-01-24 v2.11 Base part for package epstopdf
Package epstopdf-base Info: Redefining graphics rule for `.eps' on input line 4
85.

(C:\Users\vipda\Desktop\SomeFiles\proTex\installedTEX\tex/latex/00miktex\epstop
df-sys.cfg
File: epstopdf-sys.cfg 2021/03/18 v2.0 Configuration of epstopdf for MiKTeX
))
Package hyperref Info: Link coloring OFF on input line 26.

(C:\Users\vipda\Desktop\SomeFiles\proTex\installedTEX\tex/latex/hyperref\namere
f.sty
Package: nameref 2021-04-02 v2.47 Cross-referencing by name of section

(C:\Users\vipda\Desktop\SomeFiles\proTex\installedTEX\tex/latex/refcount\refcou
nt.sty
Package: refcount 2019/12/15 v3.6 Data extraction from label references (HO)
)
(C:\Users\vipda\Desktop\SomeFiles\proTex\installedTEX\tex/generic/gettitlestrin
g\gettitlestring.sty
Package: gettitlestring 2019/12/15 v1.6 Cleanup title references (HO)
)
\c@section@level=\count351
)
LaTeX Info: Redefining \ref on input line 26.
LaTeX Info: Redefining \pageref on input line 26.
LaTeX Info: Redefining \nameref on input line 26.
 (proj5.out) (proj5.out)
\@outlinefile=\write5
\openout5 = `proj5.out'.

LaTeX Font Info:    Overwriting symbol font `operators' in version `normal'
(Font)                  OT1/cmr/m/n --> OT1/cmss/m/n on input line 26.
LaTeX Font Info:    Overwriting symbol font `operators' in version `bold'
(Font)                  OT1/cmr/bx/n --> OT1/cmss/b/n on input line 26.
\symnumbers=\mathgroup6
\sympureletters=\mathgroup7
LaTeX Font Info:    Overwriting math alphabet `\mathrm' in version `normal'
(Font)                  OT1/cmss/m/n --> T1/ptm/m/n on input line 26.
LaTeX Font Info:    Redeclaring math alphabet \mathbf on input line 26.
LaTeX Font Info:    Overwriting math alphabet `\mathbf' in version `normal'
(Font)                  OT1/cmr/bx/n --> T1/phv/b/n on input line 26.
LaTeX Font Info:    Overwriting math alphabet `\mathbf' in version `bold'
(Font)                  OT1/cmr/bx/n --> T1/phv/b/n on input line 26.
LaTeX Font Info:    Redeclaring math alphabet \mathsf on input line 26.
LaTeX Font Info:    Overwriting math alphabet `\mathsf' in version `normal'
(Font)                  OT1/cmss/m/n --> T1/phv/m/n on input line 26.
LaTeX Font Info:    Overwriting math alphabet `\mathsf' in version `bold'
(Font)                  OT1/cmss/bx/n --> T1/phv/m/n on input line 26.
LaTeX Font Info:    Redeclaring math alphabet \mathit on input line 26.
LaTeX Font Info:    Overwriting math alphabet `\mathit' in version `normal'
(Font)                  OT1/cmr/m/it --> T1/phv/m/it on input line 26.
LaTeX Font Info:    Overwriting math alphabet `\mathit' in version `bold'
(Font)                  OT1/cmr/bx/it --> T1/phv/m/it on input line 26.
LaTeX Font Info:    Redeclaring math alphabet \mathtt on input line 26.
LaTeX Font Info:    Overwriting math alphabet `\mathtt' in version `normal'
(Font)                  OT1/cmtt/m/n --> T1/pcr/m/n on input line 26.
LaTeX Font Info:    Overwriting math alphabet `\mathtt' in version `bold'
(Font)                  OT1/cmtt/m/n --> T1/pcr/m/n on input line 26.
LaTeX Font Info:    Overwriting symbol font `numbers' in version `bold'
(Font)                  T1/phv/m/n --> T1/phv/b/n on input line 26.
LaTeX Font Info:    Overwriting symbol font `pureletters' in version `bold'
(Font)                  T1/phv/m/it --> T1/phv/b/it on input line 26.
LaTeX Font Info:    Overwriting math alphabet `\mathrm' in version `bold'
(Font)                  OT1/cmss/b/n --> T1/ptm/b/n on input line 26.
LaTeX Font Info:    Overwriting math alphabet `\mathbf' in version `bold'
(Font)                  T1/phv/b/n --> T1/phv/b/n on input line 26.
LaTeX Font Info:    Overwriting math alphabet `\mathsf' in version `bold'
(Font)                  T1/phv/m/n --> T1/phv/b/n on input line 26.
LaTeX Font Info:    Overwriting math alphabet `\mathit' in version `bold'
(Font)                  T1/phv/m/it --> T1/phv/b/it on input line 26.
LaTeX Font Info:    Overwriting math alphabet `\mathtt' in version `bold'
(Font)                  T1/pcr/m/n --> T1/pcr/b/n on input line 26.

(C:\Users\vipda\Desktop\SomeFiles\proTex\installedTEX\tex/latex/translator\tran
slator-basic-dictionary-English.dict
Dictionary: translator-basic-dictionary, Language: English 
)
(C:\Users\vipda\Desktop\SomeFiles\proTex\installedTEX\tex/latex/translator\tran
slator-bibliography-dictionary-English.dict
Dictionary: translator-bibliography-dictionary, Language: English 
)
(C:\Users\vipda\Desktop\SomeFiles\proTex\installedTEX\tex/latex/translator\tran
slator-environment-dictionary-English.dict
Dictionary: translator-environment-dictionary, Language: English 
)
(C:\Users\vipda\Desktop\SomeFiles\proTex\installedTEX\tex/latex/translator\tran
slator-months-dictionary-English.dict
Dictionary: translator-months-dictionary, Language: English 
)
(C:\Users\vipda\Desktop\SomeFiles\proTex\installedTEX\tex/latex/translator\tran
slator-numbers-dictionary-English.dict
Dictionary: translator-numbers-dictionary, Language: English 
)
(C:\Users\vipda\Desktop\SomeFiles\proTex\installedTEX\tex/latex/translator\tran
slator-theorem-dictionary-English.dict
Dictionary: translator-theorem-dictionary, Language: English 
) (proj5.nav) [1

{C:/Users/vipda/AppData/Local/MiKTeX/2.9/fonts/map/pdftex/pdftex.map}]
LaTeX Font Info:    Trying to load font information for U+msa on input line 49.


(C:\Users\vipda\Desktop\SomeFiles\proTex\installedTEX\tex/latex/amsfonts\umsa.f
d
File: umsa.fd 2013/01/14 v3.01 AMS symbols A
)
LaTeX Font Info:    Trying to load font information for U+msb on input line 49.


(C:\Users\vipda\Desktop\SomeFiles\proTex\installedTEX\tex/latex/amsfonts\umsb.f
d
File: umsb.fd 2013/01/14 v3.01 AMS symbols B
)
LaTeX Font Info:    Font shape `T1/phv/m/it' in size <10.95> not available
(Font)              Font shape `T1/phv/m/sl' tried instead on input line 49.
LaTeX Font Info:    Font shape `T1/phv/m/it' in size <8> not available
(Font)              Font shape `T1/phv/m/sl' tried instead on input line 49.
LaTeX Font Info:    Font shape `T1/phv/m/it' in size <6> not available
(Font)              Font shape `T1/phv/m/sl' tried instead on input line 49.
 [2

] [3

] [4

] [5

] [6

]
<binsrc.png, id=53, 803.0pt x 279.0425pt>
File: binsrc.png Graphic file (type png)
<use binsrc.png>
Package pdftex.def Info: binsrc.png  used on input line 88.
(pdftex.def)             Requested size: 120.4448pt x 41.85455pt.
 [7

 <./binsrc.png (PNG copy)>]
File: binsrc.png Graphic file (type png)
<use binsrc.png>
Package pdftex.def Info: binsrc.png  used on input line 88.
(pdftex.def)             Requested size: 120.4448pt x 41.85455pt.
 [8

]
File: binsrc.png Graphic file (type png)
<use binsrc.png>
Package pdftex.def Info: binsrc.png  used on input line 88.
(pdftex.def)             Requested size: 120.4448pt x 41.85455pt.
 [9

]
File: binsrc.png Graphic file (type png)
<use binsrc.png>
Package pdftex.def Info: binsrc.png  used on input line 88.
(pdftex.def)             Requested size: 120.4448pt x 41.85455pt.
 [10

]
<algs.jpeg, id=79, 1027.84pt x 770.88pt>
File: algs.jpeg Graphic file (type jpg)
<use algs.jpeg>
Package pdftex.def Info: algs.jpeg  used on input line 96.
(pdftex.def)             Requested size: 256.95937pt x 192.71953pt.
LaTeX Font Info:    Trying to load font information for T1+pcr on input line 96
.

(C:\Users\vipda\Desktop\SomeFiles\proTex\installedTEX\tex/latex/psnfss\t1pcr.fd
File: t1pcr.fd 2001/06/04 font definitions for T1/pcr.
)
LaTeX Font Info:    Font shape `T1/phv/m/it' in size <5> not available
(Font)              Font shape `T1/phv/m/sl' tried instead on input line 96.
 [11

 <./algs.jpeg>] [12

] [13

] [14

] [15

] [16

] [17

]
<wikimerge.png, id=125, 930.47626pt x 896.34875pt>
File: wikimerge.png Graphic file (type png)
<use wikimerge.png>
Package pdftex.def Info: wikimerge.png  used on input line 115.
(pdftex.def)             Requested size: 139.56541pt x 134.4465pt.
 [18

 <./wikimerge.png>]
LaTeX Font Info:    Font shape `T1/phv/b/it' in size <6> not available
(Font)              Font shape `T1/phv/b/sl' tried instead on input line 181.

[19

] [20

]
\tf@nav=\write6
\openout6 = `proj5.nav'.

\tf@toc=\write7
\openout7 = `proj5.toc'.

\tf@snm=\write8
\openout8 = `proj5.snm'.

 (proj5.aux)
Package rerunfilecheck Info: File `proj5.out' has not changed.
(rerunfilecheck)             Checksum: D41D8CD98F00B204E9800998ECF8427E;0.
 ) 
Here is how much of TeX's memory you used:
 27248 strings out of 478625
 548271 string characters out of 2840491
 812053 words of memory out of 3000000
 44761 multiletter control sequences out of 15000+600000
 447109 words of font info for 77 fonts, out of 8000000 for 9000
 1141 hyphenation exceptions out of 8191
 128i,18n,122p,436b,615s stack positions out of 5000i,500n,10000p,200000b,80000s
{C:/Users/vipda/Desktop/SomeFiles/proTex/installedTEX/fonts/enc/dvips/base/8r
.enc}<C:/Users/vipda/Desktop/SomeFiles/proTex/installedTEX/fonts/type1/public/a
msfonts/cm/cmmi6.pfb><C:/Users/vipda/Desktop/SomeFiles/proTex/installedTEX/font
s/type1/public/amsfonts/cm/cmss8.pfb><C:/Users/vipda/Desktop/SomeFiles/proTex/i
nstalledTEX/fonts/type1/public/amsfonts/cm/cmsy10.pfb><C:/Users/vipda/Desktop/S
omeFiles/proTex/installedTEX/fonts/type1/public/amsfonts/cm/cmsy6.pfb><C:/Users
/vipda/Desktop/SomeFiles/proTex/installedTEX/fonts/type1/urw/courier/ucrr8a.pfb
><C:/Users/vipda/Desktop/SomeFiles/proTex/installedTEX/fonts/type1/urw/helvetic
/uhvb8a.pfb><C:/Users/vipda/Desktop/SomeFiles/proTex/installedTEX/fonts/type1/u
rw/helvetic/uhvbo8a.pfb><C:/Users/vipda/Desktop/SomeFiles/proTex/installedTEX/f
onts/type1/urw/helvetic/uhvr8a.pfb><C:/Users/vipda/Desktop/SomeFiles/proTex/ins
talledTEX/fonts/type1/urw/helvetic/uhvro8a.pfb>
Output written on proj5.pdf (20 pages, 308416 bytes).
PDF statistics:
 200 PDF objects out of 1000 (max. 8388607)
 41 named destinations out of 1000 (max. 500000)
 58 words of extra memory for PDF output out of 10000 (max. 10000000)

