This is pdfTeX, Version 3.141592653-2.6-1.40.24 (MiKTeX 21.12.10) (preloaded format=pdflatex 2021.12.27)  2 APR 2022 13:21
entering extended mode
 restricted \write18 enabled.
 %&-line parsing enabled.
**./proj2.tex
(proj2.tex
LaTeX2e <2021-11-15> patch level 1
L3 programming layer <2021-11-22>
(C:\Users\vipda\Desktop\SomeFiles\proTex\installedTEX\tex/latex/base\article.cl
s
Document Class: article 2021/10/04 v1.4n Standard LaTeX document class

(C:\Users\vipda\Desktop\SomeFiles\proTex\installedTEX\tex/latex/base\size11.clo
File: size11.clo 2021/10/04 v1.4n Standard LaTeX file (size option)
)
\c@part=\count183
\c@section=\count184
\c@subsection=\count185
\c@subsubsection=\count186
\c@paragraph=\count187
\c@subparagraph=\count188
\c@figure=\count189
\c@table=\count190
\abovecaptionskip=\skip47
\belowcaptionskip=\skip48
\bibindent=\dimen138
)
(C:\Users\vipda\Desktop\SomeFiles\proTex\installedTEX\tex/generic/babel\babel.s
ty
Package: babel 2021/11/29 3.67 The Babel package
\babel@savecnt=\count191
\U@D=\dimen139
\l@unhyphenated=\language83

(C:\Users\vipda\Desktop\SomeFiles\proTex\installedTEX\tex/generic/babel\txtbabe
l.def)
\bbl@readstream=\read2
\bbl@dirlevel=\count192

*************************************
* Local config file bblopts.cfg used
*

(C:\Users\vipda\Desktop\SomeFiles\proTex\installedTEX\tex/latex/arabi\bblopts.c
fg
File: bblopts.cfg 2005/09/08 v0.1 add Arabic and Farsi to "declared" options of
 babel
)
(C:\Users\vipda\Desktop\SomeFiles\proTex\installedTEX\tex/latex/babel-czech\cze
ch.ldf
Language: czech 2008/07/06 v3.1a Czech support from the babel system
Package babel Info: Making " an active character on input line 172.
\cs@wordlen=\count193
Package babel Info: Making - an active character on input line 226.
))
(C:\Users\vipda\Desktop\SomeFiles\proTex\installedTEX\tex/latex/geometry\geomet
ry.sty
Package: geometry 2020/01/02 v5.9 Page Geometry

(C:\Users\vipda\Desktop\SomeFiles\proTex\installedTEX\tex/latex/graphics\keyval
.sty
Package: keyval 2014/10/28 v1.15 key=value parser (DPC)
\KV@toks@=\toks16
)
(C:\Users\vipda\Desktop\SomeFiles\proTex\installedTEX\tex/generic/iftex\ifvtex.
sty
Package: ifvtex 2019/10/25 v1.7 ifvtex legacy package. Use iftex instead.

(C:\Users\vipda\Desktop\SomeFiles\proTex\installedTEX\tex/generic/iftex\iftex.s
ty
Package: iftex 2020/03/06 v1.0d TeX engine tests
))
\Gm@cnth=\count194
\Gm@cntv=\count195
\c@Gm@tempcnt=\count196
\Gm@bindingoffset=\dimen140
\Gm@wd@mp=\dimen141
\Gm@odd@mp=\dimen142
\Gm@even@mp=\dimen143
\Gm@layoutwidth=\dimen144
\Gm@layoutheight=\dimen145
\Gm@layouthoffset=\dimen146
\Gm@layoutvoffset=\dimen147
\Gm@dimlist=\toks17

(C:\Users\vipda\Desktop\SomeFiles\proTex\installedTEX\tex/latex/geometry\geomet
ry.cfg))
(C:\Users\vipda\Desktop\SomeFiles\proTex\installedTEX\tex/latex/base\fontenc.st
y
Package: fontenc 2021/04/29 v2.0v Standard LaTeX package

(C:\Users\vipda\Desktop\SomeFiles\proTex\installedTEX\tex/cslatex/base\il2enc.d
ef
File: il2enc.def 1997/08/20 CSLaTeX
Now handling font encoding IL2 ...
... no UTF-8 mapping file for font encoding IL2
)
LaTeX Font Info:    Trying to load font information for IL2+cmr on input line 1
12.

(C:\Users\vipda\Desktop\SomeFiles\proTex\installedTEX\tex/cslatex/base\il2cmr.f
d
File: il2cmr.fd 1997/02/06 CSLaTeX font definitions
))
(C:\Users\vipda\Desktop\SomeFiles\proTex\installedTEX\tex/latex/base\inputenc.s
ty
Package: inputenc 2021/02/14 v1.3d Input encoding file
\inpenc@prehook=\toks18
\inpenc@posthook=\toks19

(C:\Users\vipda\Desktop\SomeFiles\proTex\installedTEX\tex/latex/ucs\utf8x.def
File: utf8x.def 2004/10/17 UCS: Input encoding UTF-8
)) (C:\Users\vipda\Desktop\SomeFiles\proTex\installedTEX\tex/latex/ucs\ucs.sty
Package: ucs 2013/05/11 v2.2 UCS: Unicode input support

(C:\Users\vipda\Desktop\SomeFiles\proTex\installedTEX\tex/latex/ucs\uni-global.
def
File: uni-global.def 2013/05/13 UCS: Unicode global data
)
\uc@secondtry=\count197
\uc@combtoks=\toks20
\uc@combtoksb=\toks21
\uc@temptokena=\toks22
)
(C:\Users\vipda\Desktop\SomeFiles\proTex\installedTEX\tex/latex/psnfss\times.st
y
Package: times 2020/03/25 PSNFSS-v9.3 (SPQR) 
)
(C:\Users\vipda\Desktop\SomeFiles\proTex\installedTEX\tex/latex/amsmath\amsmath
.sty
Package: amsmath 2021/10/15 v2.17l AMS math features
\@mathmargin=\skip49

For additional information on amsmath, use the `?' option.

(C:\Users\vipda\Desktop\SomeFiles\proTex\installedTEX\tex/latex/amsmath\amstext
.sty
Package: amstext 2021/08/26 v2.01 AMS text

(C:\Users\vipda\Desktop\SomeFiles\proTex\installedTEX\tex/latex/amsmath\amsgen.
sty
File: amsgen.sty 1999/11/30 v2.0 generic functions
\@emptytoks=\toks23
\ex@=\dimen148
))
(C:\Users\vipda\Desktop\SomeFiles\proTex\installedTEX\tex/latex/amsmath\amsbsy.
sty
Package: amsbsy 1999/11/29 v1.2d Bold Symbols
\pmbraise@=\dimen149
)
(C:\Users\vipda\Desktop\SomeFiles\proTex\installedTEX\tex/latex/amsmath\amsopn.
sty
Package: amsopn 2021/08/26 v2.02 operator names
)
\inf@bad=\count198
LaTeX Info: Redefining \frac on input line 234.
\uproot@=\count199
\leftroot@=\count266
LaTeX Info: Redefining \overline on input line 399.
\classnum@=\count267
\DOTSCASE@=\count268
LaTeX Info: Redefining \ldots on input line 496.
LaTeX Info: Redefining \dots on input line 499.
LaTeX Info: Redefining \cdots on input line 620.
\Mathstrutbox@=\box50
\strutbox@=\box51
\big@size=\dimen150
LaTeX Font Info:    Redeclaring font encoding OML on input line 743.
LaTeX Font Info:    Redeclaring font encoding OMS on input line 744.
\macc@depth=\count269
\c@MaxMatrixCols=\count270
\dotsspace@=\muskip16
\c@parentequation=\count271
\dspbrk@lvl=\count272
\tag@help=\toks24
\row@=\count273
\column@=\count274
\maxfields@=\count275
\andhelp@=\toks25
\eqnshift@=\dimen151
\alignsep@=\dimen152
\tagshift@=\dimen153
\tagwidth@=\dimen154
\totwidth@=\dimen155
\lineht@=\dimen156
\@envbody=\toks26
\multlinegap=\skip50
\multlinetaggap=\skip51
\mathdisplay@stack=\toks27
LaTeX Info: Redefining \[ on input line 2938.
LaTeX Info: Redefining \] on input line 2939.
)
(C:\Users\vipda\Desktop\SomeFiles\proTex\installedTEX\tex/latex/amscls\amsthm.s
ty
Package: amsthm 2020/05/29 v2.20.6
\thm@style=\toks28
\thm@bodyfont=\toks29
\thm@headfont=\toks30
\thm@notefont=\toks31
\thm@headpunct=\toks32
\thm@preskip=\skip52
\thm@postskip=\skip53
\thm@headsep=\skip54
\dth@everypar=\toks33
)
(C:\Users\vipda\Desktop\SomeFiles\proTex\installedTEX\tex/latex/amsfonts\amsfon
ts.sty
Package: amsfonts 2013/01/14 v3.01 Basic AMSFonts support
\symAMSa=\mathgroup4
\symAMSb=\mathgroup5
LaTeX Font Info:    Redeclaring math symbol \hbar on input line 98.
LaTeX Font Info:    Overwriting math alphabet `\mathfrak' in version `bold'
(Font)                  U/euf/m/n --> U/euf/b/n on input line 106.
)
(C:\Users\vipda\Desktop\SomeFiles\proTex\installedTEX\tex/latex/microtype\micro
type.sty
Package: microtype 2021/12/10 v3.0b Micro-typographical refinements (RS)

(C:\Users\vipda\Desktop\SomeFiles\proTex\installedTEX\tex/latex/etoolbox\etoolb
ox.sty
Package: etoolbox 2020/10/05 v2.5k e-TeX tools for LaTeX (JAW)
\etb@tempcnta=\count276
)
\MT@toks=\toks34
\MT@count=\count277
\MT@tempbox=\box52
LaTeX Info: Redefining \leftprotrusion on input line 1010.
LaTeX Info: Redefining \rightprotrusion on input line 1018.
LaTeX Info: Redefining \textls on input line 1173.
\MT@outer@kern=\dimen157
LaTeX Info: Redefining \textmicrotypecontext on input line 1759.
\MT@listname@count=\count278

(C:\Users\vipda\Desktop\SomeFiles\proTex\installedTEX\tex/latex/microtype\micro
type-pdftex.def
File: microtype-pdftex.def 2021/12/10 v3.0b Definitions specific to pdftex (RS)

LaTeX Info: Redefining \lsstyle on input line 897.
LaTeX Info: Redefining \lslig on input line 897.
\MT@outer@space=\skip55
)
Package microtype Info: Loading configuration file microtype.cfg.

(C:\Users\vipda\Desktop\SomeFiles\proTex\installedTEX\tex/latex/microtype\micro
type.cfg
File: microtype.cfg 2021/12/10 v3.0b microtype main configuration file (RS)
))
\c@definition=\count279
\c@theorem=\count280
LaTeX Font Info:    Trying to load font information for IL2+ptm on input line 1
7.

(C:\Users\vipda\Desktop\SomeFiles\proTex\installedTEX\tex/cslatex/cspsfonts\il2
ptm.fd
File: il2ptm.fd 1998/01/31 CS Times
LaTeX Font Info:     CS Times on input line 2.
LaTeX Font Info:    (C) Z. Wagner,1998/01/31 on input line 3.
LaTeX Font Info:    Created by CsPsFont utility v.1.0e (C) Z. Wagner, 1998/01/3
1 on input line 4.
)
(C:\Users\vipda\Desktop\SomeFiles\proTex\installedTEX\tex/latex/l3backend\l3bac
kend-pdftex.def
File: l3backend-pdftex.def 2021-12-14 L3 backend support: PDF output (pdfTeX)
\l__color_backend_stack_int=\count281
\l__pdf_internal_box=\box53
) (proj2.aux)
\openout1 = `proj2.aux'.

LaTeX Font Info:    Checking defaults for OML/cmm/m/it on input line 17.
LaTeX Font Info:    ... okay on input line 17.
LaTeX Font Info:    Checking defaults for OMS/cmsy/m/n on input line 17.
LaTeX Font Info:    ... okay on input line 17.
LaTeX Font Info:    Checking defaults for OT1/cmr/m/n on input line 17.
LaTeX Font Info:    ... okay on input line 17.
LaTeX Font Info:    Checking defaults for T1/cmr/m/n on input line 17.
LaTeX Font Info:    ... okay on input line 17.
LaTeX Font Info:    Checking defaults for TS1/cmr/m/n on input line 17.
LaTeX Font Info:    ... okay on input line 17.
LaTeX Font Info:    Checking defaults for OMX/cmex/m/n on input line 17.
LaTeX Font Info:    ... okay on input line 17.
LaTeX Font Info:    Checking defaults for U/cmr/m/n on input line 17.
LaTeX Font Info:    ... okay on input line 17.
LaTeX Font Info:    Checking defaults for IL2/cmr/m/n on input line 17.
LaTeX Font Info:    ... okay on input line 17.

*geometry* driver: auto-detecting
*geometry* detected driver: pdftex
*geometry* verbose mode - [ preamble ] result:
* driver: pdftex
* paper: a4paper
* layout: <same size as paper>
* layoutoffset:(h,v)=(0.0pt,0.0pt)
* modes: 
* h-part:(L,W,R)=(42.67912pt, 512.1496pt, 42.67915pt)
* v-part:(T,H,B)=(71.13188pt, 711.3189pt, 62.59607pt)
* \paperwidth=597.50787pt
* \paperheight=845.04684pt
* \textwidth=512.1496pt
* \textheight=711.3189pt
* \oddsidemargin=-29.59087pt
* \evensidemargin=-29.59087pt
* \topmargin=-38.1381pt
* \headheight=12.0pt
* \headsep=25.0pt
* \topskip=11.0pt
* \footskip=30.0pt
* \marginparwidth=4.0pt
* \marginparsep=10.0pt
* \columnsep=10.0pt
* \skip\footins=10.0pt plus 4.0pt minus 2.0pt
* \hoffset=0.0pt
* \voffset=0.0pt
* \mag=1000
* \@twocolumntrue
* \@twosidefalse
* \@mparswitchfalse
* \@reversemarginfalse
* (1in=72.27pt=25.4mm, 1cm=28.453pt)


(C:\Users\vipda\Desktop\SomeFiles\proTex\installedTEX\tex/latex/ucs\ucsencs.def
File: ucsencs.def 2011/01/21 Fixes to fontencodings LGR, T3
)
LaTeX Info: Redefining \microtypecontext on input line 17.


Package microtype Warning: Unable to apply patch `item' on input line 17.

Package microtype Info: Applying patch `toc' on input line 17.
Package microtype Info: Applying patch `eqnum' on input line 17.
Package microtype Info: Applying patch `footnote' on input line 17.
Package microtype Info: Generating PDF output.
Package microtype Info: Character protrusion enabled (level 2).
Package microtype Info: Using default protrusion set `alltext'.
Package microtype Info: Automatic font expansion enabled (level 2),
(microtype)             stretch: 20, shrink: 20, step: 1, non-selected.
Package microtype Info: Using default expansion set `alltext-nott'.
LaTeX Info: Redefining \showhyphens on input line 17.
Package microtype Info: No adjustment of tracking.
Package microtype Info: No adjustment of interword spacing.
Package microtype Info: No adjustment of character kerning.

(C:\Users\vipda\Desktop\SomeFiles\proTex\installedTEX\tex/latex/microtype\mt-pt
m.cfg
File: mt-ptm.cfg 2006/04/20 v1.7 microtype config. file: Times (RS)
)
(C:\Users\vipda\Desktop\SomeFiles\proTex\installedTEX\tex/latex/ucs\uni-0.def
File: uni-0.def 2013/05/13 UCS: Unicode data U+0000..U+00FF
)
(C:\Users\vipda\Desktop\SomeFiles\proTex\installedTEX\tex/latex/ucs\uni-1.def
File: uni-1.def 2013/05/13 UCS: Unicode data U+0100..U+01FF
)
[1


{C:/Users/vipda/AppData/Local/MiKTeX/2.9/fonts/map/pdftex/pdftex.map}]
LaTeX Font Info:    Trying to load font information for IL2+pcr on input line 4
7.

(C:\Users\vipda\Desktop\SomeFiles\proTex\installedTEX\tex/cslatex/cspsfonts\il2
pcr.fd
File: il2pcr.fd 1998/01/31 CS Courier
LaTeX Font Info:     CS Courier on input line 2.
LaTeX Font Info:    (C) Z. Wagner,1998/01/31 on input line 3.
LaTeX Font Info:    Created by CsPsFont utility v.1.0e (C) Z. Wagner, 1998/01/3
1 on input line 4.
)
(C:\Users\vipda\Desktop\SomeFiles\proTex\installedTEX\tex/latex/microtype\mt-cm
r.cfg
File: mt-cmr.cfg 2013/05/19 v2.2 microtype config. file: Computer Modern Roman 
(RS)
)
LaTeX Font Info:    Trying to load font information for U+msa on input line 56.


(C:\Users\vipda\Desktop\SomeFiles\proTex\installedTEX\tex/latex/amsfonts\umsa.f
d
File: umsa.fd 2013/01/14 v3.01 AMS symbols A
)
(C:\Users\vipda\Desktop\SomeFiles\proTex\installedTEX\tex/latex/microtype\mt-ms
a.cfg
File: mt-msa.cfg 2006/02/04 v1.1 microtype config. file: AMS symbols (a) (RS)
)
LaTeX Font Info:    Trying to load font information for U+msb on input line 56.


(C:\Users\vipda\Desktop\SomeFiles\proTex\installedTEX\tex/latex/amsfonts\umsb.f
d
File: umsb.fd 2013/01/14 v3.01 AMS symbols B
)
(C:\Users\vipda\Desktop\SomeFiles\proTex\installedTEX\tex/latex/microtype\mt-ms
b.cfg
File: mt-msb.cfg 2005/06/01 v1.0 microtype config. file: AMS symbols (b) (RS)
)
LaTeX Font Info:    Trying to load font information for TS1+ptm on input line 5
8.

(C:\Users\vipda\Desktop\SomeFiles\proTex\installedTEX\tex/latex/psnfss\ts1ptm.f
d
File: ts1ptm.fd 2001/06/04 font definitions for TS1/ptm.
)
Underfull \hbox (badness 1546) in paragraph at lines 68--71
[]\IL2/ptm/m/it/10.95 Konfigurace pásky \IL2/ptm/m/n/10.95 se skládá z ne-ko-ne
è-ného øe-
 []


Underfull \hbox (badness 4341) in paragraph at lines 68--71
\IL2/ptm/m/n/10.95 tìzce, který re-pre-zen-tuje ob-sah pásky, a po-zice
 []

[1

] (proj2.aux) ) 
Here is how much of TeX's memory you used:
 6981 strings out of 478625
 110257 string characters out of 2840491
 476980 words of memory out of 3000000
 24992 multiletter control sequences out of 15000+600000
 428706 words of font info for 96 fonts, out of 8000000 for 9000
 1141 hyphenation exceptions out of 8191
 55i,10n,62p,972b,631s stack positions out of 5000i,500n,10000p,200000b,80000s
{C:/Users/vipda/Desktop/SomeFiles/proTex/installedTEX/fonts/enc/
dvips/base/8r.enc}{C:/Users/vipda/Desktop/SomeFiles/proTex/installedTEX/fonts/e
nc/dvips/base/8a.enc}<C:/Users/vipda/Desktop/SomeFiles/proTex/installedTEX/font
s/type1/public/amsfonts/cm/cmex10.pfb><C:/Users/vipda/Desktop/SomeFiles/proTex/
installedTEX/fonts/type1/public/amsfonts/cm/cmmi10.pfb><C:/Users/vipda/Desktop/
SomeFiles/proTex/installedTEX/fonts/type1/public/amsfonts/cm/cmmi6.pfb><C:/User
s/vipda/Desktop/SomeFiles/proTex/installedTEX/fonts/type1/public/amsfonts/cm/cm
mi8.pfb><C:/Users/vipda/Desktop/SomeFiles/proTex/installedTEX/fonts/type1/publi
c/amsfonts/cm/cmr10.pfb><C:/Users/vipda/Desktop/SomeFiles/proTex/installedTEX/f
onts/type1/public/amsfonts/cm/cmr6.pfb><C:/Users/vipda/Desktop/SomeFiles/proTex
/installedTEX/fonts/type1/public/amsfonts/cm/cmr8.pfb><C:/Users/vipda/Desktop/S
omeFiles/proTex/installedTEX/fonts/type1/public/amsfonts/cm/cmr9.pfb><C:/Users/
vipda/Desktop/SomeFiles/proTex/installedTEX/fonts/type1/public/amsfonts/cm/cmsy
10.pfb><C:/Users/vipda/Desktop/SomeFiles/proTex/installedTEX/fonts/type1/public
/amsfonts/cm/cmsy8.pfb><C:/Users/vipda/Desktop/SomeFiles/proTex/installedTEX/fo
nts/type1/public/amsfonts/symbols/msbm10.pfb><C:/Users/vipda/Desktop/SomeFiles/
proTex/installedTEX/fonts/type1/urw/courier/ucrr8a.pfb><C:/Users/vipda/Desktop/
SomeFiles/proTex/installedTEX/fonts/type1/urw/times/utmb8a.pfb><C:/Users/vipda/
Desktop/SomeFiles/proTex/installedTEX/fonts/type1/urw/times/utmr8a.pfb><C:/User
s/vipda/Desktop/SomeFiles/proTex/installedTEX/fonts/type1/urw/times/utmri8a.pfb
>
Output written on proj2.pdf (2 pages, 185181 bytes).
PDF statistics:
 89 PDF objects out of 1000 (max. 8388607)
 0 named destinations out of 1000 (max. 500000)
 6657 words of extra memory for PDF output out of 10000 (max. 10000000)

