This is pdfTeX, Version 3.141592653-2.6-1.40.24 (MiKTeX 21.12.10) (preloaded format=pdflatex 2021.12.27)  16 APR 2022 12:38
entering extended mode
 restricted \write18 enabled.
 %&-line parsing enabled.
**./proj1.tex
(proj1.tex
LaTeX2e <2021-11-15> patch level 1
L3 programming layer <2021-11-22>
(C:\Users\vipda\Desktop\SomeFiles\proTex\installedTEX\tex/latex/base\article.cl
s
Document Class: article 2021/10/04 v1.4n Standard LaTeX document class

(C:\Users\vipda\Desktop\SomeFiles\proTex\installedTEX\tex/latex/base\size10.clo
File: size10.clo 2021/10/04 v1.4n Standard LaTeX file (size option)
)
\c@part=\count183
\c@section=\count184
\c@subsection=\count185
\c@subsubsection=\count186
\c@paragraph=\count187
\c@subparagraph=\count188
\c@figure=\count189
\c@table=\count190
\abovecaptionskip=\skip47
\belowcaptionskip=\skip48
\bibindent=\dimen138
)
(C:\Users\vipda\Desktop\SomeFiles\proTex\installedTEX\tex/generic/babel\babel.s
ty
Package: babel 2021/11/29 3.67 The Babel package
\babel@savecnt=\count191
\U@D=\dimen139
\l@unhyphenated=\language83

(C:\Users\vipda\Desktop\SomeFiles\proTex\installedTEX\tex/generic/babel\txtbabe
l.def)
\bbl@readstream=\read2
\bbl@dirlevel=\count192

*************************************
* Local config file bblopts.cfg used
*

(C:\Users\vipda\Desktop\SomeFiles\proTex\installedTEX\tex/latex/arabi\bblopts.c
fg
File: bblopts.cfg 2005/09/08 v0.1 add Arabic and Farsi to "declared" options of
 babel
)
(C:\Users\vipda\Desktop\SomeFiles\proTex\installedTEX\tex/latex/babel-czech\cze
ch.ldf
Language: czech 2008/07/06 v3.1a Czech support from the babel system
Package babel Info: Making " an active character on input line 172.
\cs@wordlen=\count193
Package babel Info: Making - an active character on input line 226.
))
(C:\Users\vipda\Desktop\SomeFiles\proTex\installedTEX\tex/latex/xcolor\xcolor.s
ty
Package: xcolor 2021/10/31 v2.13 LaTeX color extensions (UK)

(C:\Users\vipda\Desktop\SomeFiles\proTex\installedTEX\tex/latex/graphics-cfg\co
lor.cfg
File: color.cfg 2016/01/02 v1.6 sample color configuration
)
Package xcolor Info: Driver file: pdftex.def on input line 227.

(C:\Users\vipda\Desktop\SomeFiles\proTex\installedTEX\tex/latex/graphics-def\pd
ftex.def
File: pdftex.def 2020/10/05 v1.2a Graphics/color driver for pdftex
)
Package xcolor Info: Model `cmy' substituted by `cmy0' on input line 1352.
Package xcolor Info: Model `hsb' substituted by `rgb' on input line 1356.
Package xcolor Info: Model `RGB' extended on input line 1368.
Package xcolor Info: Model `HTML' substituted by `rgb' on input line 1370.
Package xcolor Info: Model `Hsb' substituted by `hsb' on input line 1371.
Package xcolor Info: Model `tHsb' substituted by `hsb' on input line 1372.
Package xcolor Info: Model `HSB' substituted by `hsb' on input line 1373.
Package xcolor Info: Model `Gray' substituted by `gray' on input line 1374.
Package xcolor Info: Model `wave' substituted by `hsb' on input line 1375.
)
(C:\Users\vipda\Desktop\SomeFiles\proTex\installedTEX\tex/latex/geometry\geomet
ry.sty
Package: geometry 2020/01/02 v5.9 Page Geometry

(C:\Users\vipda\Desktop\SomeFiles\proTex\installedTEX\tex/latex/graphics\keyval
.sty
Package: keyval 2014/10/28 v1.15 key=value parser (DPC)
\KV@toks@=\toks16
)
(C:\Users\vipda\Desktop\SomeFiles\proTex\installedTEX\tex/generic/iftex\ifvtex.
sty
Package: ifvtex 2019/10/25 v1.7 ifvtex legacy package. Use iftex instead.

(C:\Users\vipda\Desktop\SomeFiles\proTex\installedTEX\tex/generic/iftex\iftex.s
ty
Package: iftex 2020/03/06 v1.0d TeX engine tests
))
\Gm@cnth=\count194
\Gm@cntv=\count195
\c@Gm@tempcnt=\count196
\Gm@bindingoffset=\dimen140
\Gm@wd@mp=\dimen141
\Gm@odd@mp=\dimen142
\Gm@even@mp=\dimen143
\Gm@layoutwidth=\dimen144
\Gm@layoutheight=\dimen145
\Gm@layouthoffset=\dimen146
\Gm@layoutvoffset=\dimen147
\Gm@dimlist=\toks17

(C:\Users\vipda\Desktop\SomeFiles\proTex\installedTEX\tex/latex/geometry\geomet
ry.cfg))
(C:\Users\vipda\Desktop\SomeFiles\proTex\installedTEX\tex/latex/base\fontenc.st
y
Package: fontenc 2021/04/29 v2.0v Standard LaTeX package
)
(C:\Users\vipda\Desktop\SomeFiles\proTex\installedTEX\tex/latex/hyperref\hyperr
ef.sty
Package: hyperref 2021-06-07 v7.00m Hypertext links for LaTeX

(C:\Users\vipda\Desktop\SomeFiles\proTex\installedTEX\tex/generic/ltxcmds\ltxcm
ds.sty
Package: ltxcmds 2020-05-10 v1.25 LaTeX kernel commands for general use (HO)
)
(C:\Users\vipda\Desktop\SomeFiles\proTex\installedTEX\tex/generic/pdftexcmds\pd
ftexcmds.sty
Package: pdftexcmds 2020-06-27 v0.33 Utility functions of pdfTeX for LuaTeX (HO
)

(C:\Users\vipda\Desktop\SomeFiles\proTex\installedTEX\tex/generic/infwarerr\inf
warerr.sty
Package: infwarerr 2019/12/03 v1.5 Providing info/warning/error messages (HO)
)
Package pdftexcmds Info: \pdf@primitive is available.
Package pdftexcmds Info: \pdf@ifprimitive is available.
Package pdftexcmds Info: \pdfdraftmode found.
)
(C:\Users\vipda\Desktop\SomeFiles\proTex\installedTEX\tex/generic/kvsetkeys\kvs
etkeys.sty
Package: kvsetkeys 2019/12/15 v1.18 Key value parser (HO)
)
(C:\Users\vipda\Desktop\SomeFiles\proTex\installedTEX\tex/generic/kvdefinekeys\
kvdefinekeys.sty
Package: kvdefinekeys 2019-12-19 v1.6 Define keys (HO)
)
(C:\Users\vipda\Desktop\SomeFiles\proTex\installedTEX\tex/generic/pdfescape\pdf
escape.sty
Package: pdfescape 2019/12/09 v1.15 Implements pdfTeX's escape features (HO)
)
(C:\Users\vipda\Desktop\SomeFiles\proTex\installedTEX\tex/latex/hycolor\hycolor
.sty
Package: hycolor 2020-01-27 v1.10 Color options for hyperref/bookmark (HO)
)
(C:\Users\vipda\Desktop\SomeFiles\proTex\installedTEX\tex/latex/letltxmacro\let
ltxmacro.sty
Package: letltxmacro 2019/12/03 v1.6 Let assignment for LaTeX macros (HO)
)
(C:\Users\vipda\Desktop\SomeFiles\proTex\installedTEX\tex/latex/auxhook\auxhook
.sty
Package: auxhook 2019-12-17 v1.6 Hooks for auxiliary files (HO)
)
(C:\Users\vipda\Desktop\SomeFiles\proTex\installedTEX\tex/latex/kvoptions\kvopt
ions.sty
Package: kvoptions 2020-10-07 v3.14 Key value format for package options (HO)
)
\@linkdim=\dimen148
\Hy@linkcounter=\count197
\Hy@pagecounter=\count198

(C:\Users\vipda\Desktop\SomeFiles\proTex\installedTEX\tex/latex/hyperref\pd1enc
.def
File: pd1enc.def 2021-06-07 v7.00m Hyperref: PDFDocEncoding definition (HO)
Now handling font encoding PD1 ...
... no UTF-8 mapping file for font encoding PD1
)
(C:\Users\vipda\Desktop\SomeFiles\proTex\installedTEX\tex/latex/hyperref\hyperr
ef-langpatches.def
File: hyperref-langpatches.def 2021-06-07 v7.00m Hyperref: patches for babel la
nguages
)
(C:\Users\vipda\Desktop\SomeFiles\proTex\installedTEX\tex/generic/intcalc\intca
lc.sty
Package: intcalc 2019/12/15 v1.3 Expandable calculations with integers (HO)
)
(C:\Users\vipda\Desktop\SomeFiles\proTex\installedTEX\tex/generic/etexcmds\etex
cmds.sty
Package: etexcmds 2019/12/15 v1.7 Avoid name clashes with e-TeX commands (HO)
)
\Hy@SavedSpaceFactor=\count199

(C:\Users\vipda\Desktop\SomeFiles\proTex\installedTEX\tex/latex/hyperref\puenc.
def
File: puenc.def 2021-06-07 v7.00m Hyperref: PDF Unicode definition (HO)
Now handling font encoding PU ...
... no UTF-8 mapping file for font encoding PU
)
Package hyperref Info: Option `final' set `true' on input line 4073.
Package hyperref Info: Hyper figures OFF on input line 4192.
Package hyperref Info: Link nesting OFF on input line 4197.
Package hyperref Info: Hyper index ON on input line 4200.
Package hyperref Info: Plain pages OFF on input line 4207.
Package hyperref Info: Backreferencing OFF on input line 4212.
Package hyperref Info: Implicit mode ON; LaTeX internals redefined.
Package hyperref Info: Bookmarks ON on input line 4445.
\c@Hy@tempcnt=\count266

(C:\Users\vipda\Desktop\SomeFiles\proTex\installedTEX\tex/latex/url\url.sty
\Urlmuskip=\muskip16
Package: url 2013/09/16  ver 3.4  Verb mode for urls, etc.
)
LaTeX Info: Redefining \url on input line 4804.
\XeTeXLinkMargin=\dimen149

(C:\Users\vipda\Desktop\SomeFiles\proTex\installedTEX\tex/generic/bitset\bitset
.sty
Package: bitset 2019/12/09 v1.3 Handle bit-vector datatype (HO)

(C:\Users\vipda\Desktop\SomeFiles\proTex\installedTEX\tex/generic/bigintcalc\bi
gintcalc.sty
Package: bigintcalc 2019/12/15 v1.5 Expandable calculations on big integers (HO
)
))
\Fld@menulength=\count267
\Field@Width=\dimen150
\Fld@charsize=\dimen151
Package hyperref Info: Hyper figures OFF on input line 6076.
Package hyperref Info: Link nesting OFF on input line 6081.
Package hyperref Info: Hyper index ON on input line 6084.
Package hyperref Info: backreferencing OFF on input line 6091.
Package hyperref Info: Link coloring OFF on input line 6096.
Package hyperref Info: Link coloring with OCG OFF on input line 6101.
Package hyperref Info: PDF/A mode OFF on input line 6106.
LaTeX Info: Redefining \ref on input line 6146.
LaTeX Info: Redefining \pageref on input line 6150.

(C:\Users\vipda\Desktop\SomeFiles\proTex\installedTEX\tex/latex/base\atbegshi-l
tx.sty
Package: atbegshi-ltx 2021/01/10 v1.0c Emulation of the original atbegshi
package with kernel methods
)
\Hy@abspage=\count268
\c@Item=\count269
\c@Hfootnote=\count270
)
Package hyperref Info: Driver (autodetected): hpdftex.

(C:\Users\vipda\Desktop\SomeFiles\proTex\installedTEX\tex/latex/hyperref\hpdfte
x.def
File: hpdftex.def 2021-06-07 v7.00m Hyperref driver for pdfTeX

(C:\Users\vipda\Desktop\SomeFiles\proTex\installedTEX\tex/latex/base\atveryend-
ltx.sty
Package: atveryend-ltx 2020/08/19 v1.0a Emulation of the original atveryend pac
kage
with kernel methods
)
\Fld@listcount=\count271
\c@bookmark@seq@number=\count272

(C:\Users\vipda\Desktop\SomeFiles\proTex\installedTEX\tex/latex/rerunfilecheck\
rerunfilecheck.sty
Package: rerunfilecheck 2019/12/05 v1.9 Rerun checks for auxiliary files (HO)

(C:\Users\vipda\Desktop\SomeFiles\proTex\installedTEX\tex/generic/uniquecounter
\uniquecounter.sty
Package: uniquecounter 2019/12/15 v1.4 Provide unlimited unique counter (HO)
)
Package uniquecounter Info: New unique counter `rerunfilecheck' on input line 2
86.
)
\Hy@SectionHShift=\skip49
)
(C:\Users\vipda\Desktop\SomeFiles\proTex\installedTEX\tex/latex/base\inputenc.s
ty
Package: inputenc 2021/02/14 v1.3d Input encoding file
\inpenc@prehook=\toks18
\inpenc@posthook=\toks19

(C:\Users\vipda\Desktop\SomeFiles\proTex\installedTEX\tex/latex/ucs\utf8x.def
File: utf8x.def 2004/10/17 UCS: Input encoding UTF-8
)) (C:\Users\vipda\Desktop\SomeFiles\proTex\installedTEX\tex/latex/ucs\ucs.sty
Package: ucs 2013/05/11 v2.2 UCS: Unicode input support

(C:\Users\vipda\Desktop\SomeFiles\proTex\installedTEX\tex/latex/ucs\uni-global.
def
File: uni-global.def 2013/05/13 UCS: Unicode global data
)
\uc@secondtry=\count273
\uc@combtoks=\toks20
\uc@combtoksb=\toks21
\uc@temptokena=\toks22
)
(C:\Users\vipda\Desktop\SomeFiles\proTex\installedTEX\tex/latex/l3backend\l3bac
kend-pdftex.def
File: l3backend-pdftex.def 2021-12-14 L3 backend support: PDF output (pdfTeX)
\l__color_backend_stack_int=\count274
\l__pdf_internal_box=\box50
) (proj1.aux)
\openout1 = `proj1.aux'.

LaTeX Font Info:    Checking defaults for OML/cmm/m/it on input line 19.
LaTeX Font Info:    ... okay on input line 19.
LaTeX Font Info:    Checking defaults for OMS/cmsy/m/n on input line 19.
LaTeX Font Info:    ... okay on input line 19.
LaTeX Font Info:    Checking defaults for OT1/cmr/m/n on input line 19.
LaTeX Font Info:    ... okay on input line 19.
LaTeX Font Info:    Checking defaults for T1/cmr/m/n on input line 19.
LaTeX Font Info:    ... okay on input line 19.
LaTeX Font Info:    Checking defaults for TS1/cmr/m/n on input line 19.
LaTeX Font Info:    ... okay on input line 19.
LaTeX Font Info:    Checking defaults for OMX/cmex/m/n on input line 19.
LaTeX Font Info:    ... okay on input line 19.
LaTeX Font Info:    Checking defaults for U/cmr/m/n on input line 19.
LaTeX Font Info:    ... okay on input line 19.
LaTeX Font Info:    Checking defaults for PD1/pdf/m/n on input line 19.
LaTeX Font Info:    ... okay on input line 19.
LaTeX Font Info:    Checking defaults for PU/pdf/m/n on input line 19.
LaTeX Font Info:    ... okay on input line 19.

(C:\Users\vipda\Desktop\SomeFiles\proTex\installedTEX\tex/context/base/mkii\sup
p-pdf.mkii
[Loading MPS to PDF converter (version 2006.09.02).]
\scratchcounter=\count275
\scratchdimen=\dimen152
\scratchbox=\box51
\nofMPsegments=\count276
\nofMParguments=\count277
\everyMPshowfont=\toks23
\MPscratchCnt=\count278
\MPscratchDim=\dimen153
\MPnumerator=\count279
\makeMPintoPDFobject=\count280
\everyMPtoPDFconversion=\toks24
)
*geometry* driver: auto-detecting
*geometry* detected driver: pdftex
*geometry* verbose mode - [ preamble ] result:
* driver: pdftex
* paper: a4paper
* layout: <same size as paper>
* layoutoffset:(h,v)=(0.0pt,0.0pt)
* modes: 
* h-part:(L,W,R)=(42.67912pt, 512.1496pt, 42.67915pt)
* v-part:(T,H,B)=(56.9055pt, 697.09251pt, 91.04883pt)
* \paperwidth=597.50787pt
* \paperheight=845.04684pt
* \textwidth=512.1496pt
* \textheight=697.09251pt
* \oddsidemargin=-29.59087pt
* \evensidemargin=-29.59087pt
* \topmargin=-52.36449pt
* \headheight=12.0pt
* \headsep=25.0pt
* \topskip=10.0pt
* \footskip=30.0pt
* \marginparwidth=4.0pt
* \marginparsep=10.0pt
* \columnsep=10.0pt
* \skip\footins=9.0pt plus 4.0pt minus 2.0pt
* \hoffset=0.0pt
* \voffset=0.0pt
* \mag=1000
* \@twocolumntrue
* \@twosidefalse
* \@mparswitchfalse
* \@reversemarginfalse
* (1in=72.27pt=25.4mm, 1cm=28.453pt)

Package hyperref Info: Link coloring OFF on input line 19.

(C:\Users\vipda\Desktop\SomeFiles\proTex\installedTEX\tex/latex/hyperref\namere
f.sty
Package: nameref 2021-04-02 v2.47 Cross-referencing by name of section

(C:\Users\vipda\Desktop\SomeFiles\proTex\installedTEX\tex/latex/refcount\refcou
nt.sty
Package: refcount 2019/12/15 v3.6 Data extraction from label references (HO)
)
(C:\Users\vipda\Desktop\SomeFiles\proTex\installedTEX\tex/generic/gettitlestrin
g\gettitlestring.sty
Package: gettitlestring 2019/12/15 v1.6 Cleanup title references (HO)
)
\c@section@level=\count281
)
LaTeX Info: Redefining \ref on input line 19.
LaTeX Info: Redefining \pageref on input line 19.
LaTeX Info: Redefining \nameref on input line 19.
 (proj1.out) (proj1.out)
\@outlinefile=\write3
\openout3 = `proj1.out'.


(C:\Users\vipda\Desktop\SomeFiles\proTex\installedTEX\tex/latex/ucs\ucsencs.def
File: ucsencs.def 2011/01/21 Fixes to fontencodings LGR, T3
) (C:\Users\vipda\Desktop\SomeFiles\proTex\installedTEX\tex/latex/ucs\uni-0.def
File: uni-0.def 2013/05/13 UCS: Unicode data U+0000..U+00FF
)
LaTeX Font Info:    External font `cmex10' loaded for size
(Font)              <12> on input line 21.
LaTeX Font Info:    External font `cmex10' loaded for size
(Font)              <8> on input line 21.
LaTeX Font Info:    External font `cmex10' loaded for size
(Font)              <6> on input line 21.
 (C:\Users\vipda\Desktop\SomeFiles\proTex\installedTEX\tex/latex/ucs\uni-1.def
File: uni-1.def 2013/05/13 UCS: Unicode data U+0100..U+01FF
)
LaTeX Font Info:    External font `cmex10' loaded for size
(Font)              <7> on input line 36.
LaTeX Font Info:    External font `cmex10' loaded for size
(Font)              <5> on input line 36.
LaTeX Font Info:    Trying to load font information for T1+qzc on input line 37
.

(C:\Users\vipda\Desktop\SomeFiles\proTex\installedTEX\tex/latex/tex-gyre\t1qzc.
fd
File: t1qzc.fd 2009/09/25 v1.2 font definition file for T1/qzc
)

LaTeX Font Warning: Font shape `T1/qzc/m/n' in size <10> not available
(Font)              Font shape `T1/qzc/m/it' tried instead on input line 37.


LaTeX Font Warning: Font shape `T1/qzc/m/n' in size <14.4> not available
(Font)              Font shape `T1/qzc/m/it' tried instead on input line 37.

LaTeX Font Info:    Trying to load font information for T1+cmtt on input line 4
2.
(C:\Users\vipda\Desktop\SomeFiles\proTex\installedTEX\tex/latex/base\t1cmtt.fd
File: t1cmtt.fd 2019/12/16 v2.5j Standard LaTeX font definitions
) [1{C:/Users/vipda/AppData/Local/MiKTeX/2.9/fonts/map/pdftex/pdftex.map}


]
(proj1.aux)
Package rerunfilecheck Info: File `proj1.out' has not changed.
(rerunfilecheck)             Checksum: 45DDC3F6948A1739CC53DC6BDBF1EE3C;545.
 ) 
Here is how much of TeX's memory you used:
 11423 strings out of 478625
 176364 string characters out of 2840491
 513455 words of memory out of 3000000
 29400 multiletter control sequences out of 15000+600000
 421770 words of font info for 55 fonts, out of 8000000 for 9000
 1141 hyphenation exceptions out of 8191
 60i,8n,63p,308b,640s stack positions out of 5000i,500n,10000p,200000b,80000s
{C:/Users/vipda/Desktop/SomeFiles/proTex/installedTEX/fonts/enc/dvips/cm-supe
r/cm-super-t1.enc}{C:/Users/vipda/Desktop/SomeFiles/proTex/installedTEX/fonts/e
nc/dvips/cm-super/cm-super-ts1.enc}{C:/Users/vipda/Desktop/SomeFiles/proTex/ins
talledTEX/fonts/enc/dvips/tex-gyre/q-ec.enc}<C:/Users/vipda/Desktop/SomeFiles/p
roTex/installedTEX/fonts/type1/public/tex-gyre/qzcmi.pfb><C:/Users/vipda/Deskto
p/SomeFiles/proTex/installedTEX/fonts/type1/public/cm-super/sfbx1000.pfb><C:/Us
ers/vipda/Desktop/SomeFiles/proTex/installedTEX/fonts/type1/public/cm-super/sfb
x1440.pfb><C:/Users/vipda/Desktop/SomeFiles/proTex/installedTEX/fonts/type1/pub
lic/cm-super/sfbx2488.pfb><C:/Users/vipda/Desktop/SomeFiles/proTex/installedTEX
/fonts/type1/public/cm-super/sfcc1000.pfb><C:/Users/vipda/Desktop/SomeFiles/pro
Tex/installedTEX/fonts/type1/public/cm-super/sfrm0500.pfb><C:/Users/vipda/Deskt
op/SomeFiles/proTex/installedTEX/fonts/type1/public/cm-super/sfrm0600.pfb><C:/U
sers/vipda/Desktop/SomeFiles/proTex/installedTEX/fonts/type1/public/cm-super/sf
rm0700.pfb><C:/Users/vipda/Desktop/SomeFiles/proTex/installedTEX/fonts/type1/pu
blic/cm-super/sfrm0800.pfb><C:/Users/vipda/Desktop/SomeFiles/proTex/installedTE
X/fonts/type1/public/cm-super/sfrm1000.pfb><C:/Users/vipda/Desktop/SomeFiles/pr
oTex/installedTEX/fonts/type1/public/cm-super/sfrm1200.pfb><C:/Users/vipda/Desk
top/SomeFiles/proTex/installedTEX/fonts/type1/public/cm-super/sfrm1728.pfb><C:/
Users/vipda/Desktop/SomeFiles/proTex/installedTEX/fonts/type1/public/cm-super/s
frm2074.pfb><C:/Users/vipda/Desktop/SomeFiles/proTex/installedTEX/fonts/type1/p
ublic/cm-super/sfti1000.pfb><C:/Users/vipda/Desktop/SomeFiles/proTex/installedT
EX/fonts/type1/public/cm-super/sftt0800.pfb><C:/Users/vipda/Desktop/SomeFiles/p
roTex/installedTEX/fonts/type1/public/cm-super/sftt1000.pfb>
Output written on proj1.pdf (1 page, 317277 bytes).
PDF statistics:
 128 PDF objects out of 1000 (max. 8388607)
 9 named destinations out of 1000 (max. 500000)
 41 words of extra memory for PDF output out of 10000 (max. 10000000)

